*
* Visual Studio Code Server
*
* By using the software, you agree to
* the Visual Studio Code Server License Terms (https://aka.ms/vscode-server-license) and
* the Microsoft Privacy Statement (https://privacy.microsoft.com/en-US/privacystatement).
*
Server bound to 127.0.0.1:39199 (IPv4)
Extension host agent listening on 39199

[13:07:01] 




[13:07:01] Extension host agent started.
[13:07:01] [127.0.0.1][618ac53d][ManagementConnection] Unknown reconnection token (never seen).
Got delay-shutdown request while in shutdown timeout, delaying
[13:09:46] Got delay-shutdown request while in shutdown timeout, delaying
Cancelling previous shutdown timeout
[13:09:46] Cancelling previous shutdown timeout
[13:09:47] [127.0.0.1][2af25cd8][ManagementConnection] New connection established.
[13:09:47] [127.0.0.1][2ce2507d][ExtensionHostConnection] New connection established.
[13:09:47] [127.0.0.1][2ce2507d][ExtensionHostConnection] <21019> Launched Extension Host Process.
[13:09:55] [127.0.0.1][2af25cd8][ManagementConnection] The client has disconnected gracefully, so the connection will be disposed.
[13:09:55] [127.0.0.1][2ce2507d][ExtensionHostConnection] <21019> Extension Host Process exited with code: 0, signal: null.
Cancelling previous shutdown timeout
[13:09:55] Cancelling previous shutdown timeout
Last EH closed, waiting before shutting down
[13:09:55] Last EH closed, waiting before shutting down
Got delay-shutdown request while in shutdown timeout, delaying
[13:10:09] Got delay-shutdown request while in shutdown timeout, delaying
Cancelling previous shutdown timeout
[13:10:09] Cancelling previous shutdown timeout
[13:10:10] [127.0.0.1][1ec7f35c][ManagementConnection] New connection established.
[13:10:10] [127.0.0.1][d21d8208][ExtensionHostConnection] New connection established.
[13:10:10] [127.0.0.1][d21d8208][ExtensionHostConnection] <22169> Launched Extension Host Process.
[13:10:19] [127.0.0.1][1ec7f35c][ManagementConnection] The client has disconnected gracefully, so the connection will be disposed.
[13:10:19] [127.0.0.1][d21d8208][ExtensionHostConnection] <22169> Extension Host Process exited with code: 0, signal: null.
Cancelling previous shutdown timeout
[13:10:19] Cancelling previous shutdown timeout
Last EH closed, waiting before shutting down
[13:10:19] Last EH closed, waiting before shutting down
Got delay-shutdown request while in shutdown timeout, delaying
[13:10:25] Got delay-shutdown request while in shutdown timeout, delaying
Cancelling previous shutdown timeout
[13:10:25] Cancelling previous shutdown timeout
[13:10:25] [127.0.0.1][a781a386][ManagementConnection] New connection established.
[13:10:25] [127.0.0.1][4a9ee39c][ExtensionHostConnection] New connection established.
[13:10:25] [127.0.0.1][4a9ee39c][ExtensionHostConnection] <23121> Launched Extension Host Process.
[13:10:37] Extensions removed from another source ms-python.python file:///home/ac2842/.vscode-server/extensions/extensions.json
[13:10:37] Extensions removed from another source ms-python.vscode-pylance file:///home/ac2842/.vscode-server/extensions/extensions.json
[13:10:37] Extensions removed from another source ms-vscode.makefile-tools file:///home/ac2842/.vscode-server/extensions/extensions.json
[13:10:37] Extensions removed from another source ms-vscode.cpptools-themes file:///home/ac2842/.vscode-server/extensions/extensions.json
[13:10:37] Extensions removed from another source twxs.cmake file:///home/ac2842/.vscode-server/extensions/extensions.json
[13:10:37] Extensions removed from another source ms-vscode.cmake-tools file:///home/ac2842/.vscode-server/extensions/extensions.json
[13:10:37] Extensions removed from another source ms-vscode.cpptools file:///home/ac2842/.vscode-server/extensions/extensions.json
[13:10:37] Extensions removed from another source ms-vscode.cpptools-extension-pack file:///home/ac2842/.vscode-server/extensions/extensions.json
[13:10:37] Started initializing default profile extensions in extensions installation folder. file:///home/ac2842/.vscode-server/extensions
[13:10:37] Completed initializing default profile extensions in extensions installation folder. file:///home/ac2842/.vscode-server/extensions
New EH opened, aborting shutdown
[13:15:25] New EH opened, aborting shutdown
[13:15:26] Started initializing default profile extensions in extensions installation folder. file:///home/ac2842/.vscode-server/extensions
[13:15:26] x [Error]: Unable to resolve nonexistent file '/home/ac2842/.vscode-server/extensions'
    at y.resolve (/home/ac2842/.vscode-server/bin/f1b07bd25dfad64b0167beb15359ae573aecd2cc/out/vs/server/node/server.main.js:109:13154)
    at async x.n (/home/ac2842/.vscode-server/bin/f1b07bd25dfad64b0167beb15359ae573aecd2cc/out/vs/server/node/server.main.js:159:55147)
    at async x.scanExtensions (/home/ac2842/.vscode-server/bin/f1b07bd25dfad64b0167beb15359ae573aecd2cc/out/vs/server/node/server.main.js:159:54914)
    at async g.scanUserExtensions (/home/ac2842/.vscode-server/bin/f1b07bd25dfad64b0167beb15359ae573aecd2cc/out/vs/server/node/server.main.js:159:47764)
    at async /home/ac2842/.vscode-server/bin/f1b07bd25dfad64b0167beb15359ae573aecd2cc/out/vs/server/node/server.main.js:159:49782
    at async g.scanUserExtensions (/home/ac2842/.vscode-server/bin/f1b07bd25dfad64b0167beb15359ae573aecd2cc/out/vs/server/node/server.main.js:159:47860)
    at async W.scanExtensions (/home/ac2842/.vscode-server/bin/f1b07bd25dfad64b0167beb15359ae573aecd2cc/out/vs/server/node/server.main.js:168:10979)
    at async d.call (/home/ac2842/.vscode-server/bin/f1b07bd25dfad64b0167beb15359ae573aecd2cc/out/vs/server/node/server.main.js:104:22718) {
  fileOperationResult: 1,
  options: undefined
}
[13:17:44] Started initializing default profile extensions in extensions installation folder. file:///home/ac2842/.vscode-server/extensions
[13:17:44] x [Error]: Unable to resolve nonexistent file '/home/ac2842/.vscode-server/extensions'
    at y.resolve (/home/ac2842/.vscode-server/bin/f1b07bd25dfad64b0167beb15359ae573aecd2cc/out/vs/server/node/server.main.js:109:13154)
    at async x.n (/home/ac2842/.vscode-server/bin/f1b07bd25dfad64b0167beb15359ae573aecd2cc/out/vs/server/node/server.main.js:159:55147)
    at async x.scanExtensions (/home/ac2842/.vscode-server/bin/f1b07bd25dfad64b0167beb15359ae573aecd2cc/out/vs/server/node/server.main.js:159:54914)
    at async g.scanUserExtensions (/home/ac2842/.vscode-server/bin/f1b07bd25dfad64b0167beb15359ae573aecd2cc/out/vs/server/node/server.main.js:159:47764)
    at async /home/ac2842/.vscode-server/bin/f1b07bd25dfad64b0167beb15359ae573aecd2cc/out/vs/server/node/server.main.js:159:49782
    at async g.scanUserExtensions (/home/ac2842/.vscode-server/bin/f1b07bd25dfad64b0167beb15359ae573aecd2cc/out/vs/server/node/server.main.js:159:47860)
    at async Promise.all (index 1) {
  fileOperationResult: 1,
  options: undefined
}
[13:17:44] Started initializing default profile extensions in extensions installation folder. file:///home/ac2842/.vscode-server/extensions
[13:17:44] x [Error]: Unable to resolve nonexistent file '/home/ac2842/.vscode-server/extensions'
    at y.resolve (/home/ac2842/.vscode-server/bin/f1b07bd25dfad64b0167beb15359ae573aecd2cc/out/vs/server/node/server.main.js:109:13154)
    at async x.n (/home/ac2842/.vscode-server/bin/f1b07bd25dfad64b0167beb15359ae573aecd2cc/out/vs/server/node/server.main.js:159:55147)
    at async x.scanExtensions (/home/ac2842/.vscode-server/bin/f1b07bd25dfad64b0167beb15359ae573aecd2cc/out/vs/server/node/server.main.js:159:54914)
    at async g.scanUserExtensions (/home/ac2842/.vscode-server/bin/f1b07bd25dfad64b0167beb15359ae573aecd2cc/out/vs/server/node/server.main.js:159:47764)
    at async /home/ac2842/.vscode-server/bin/f1b07bd25dfad64b0167beb15359ae573aecd2cc/out/vs/server/node/server.main.js:159:49782
    at async g.scanUserExtensions (/home/ac2842/.vscode-server/bin/f1b07bd25dfad64b0167beb15359ae573aecd2cc/out/vs/server/node/server.main.js:159:47860)
    at async W.scanExtensions (/home/ac2842/.vscode-server/bin/f1b07bd25dfad64b0167beb15359ae573aecd2cc/out/vs/server/node/server.main.js:168:10979)
    at async d.call (/home/ac2842/.vscode-server/bin/f1b07bd25dfad64b0167beb15359ae573aecd2cc/out/vs/server/node/server.main.js:104:22718) {
  fileOperationResult: 1,
  options: undefined
}
[16:32:21] [127.0.0.1][4a9ee39c][ExtensionHostConnection] <23121> Extension Host Process exited with code: 0, signal: null.
Last EH closed, waiting before shutting down
[16:32:21] Last EH closed, waiting before shutting down
Last EH closed, shutting down
[16:37:21] Last EH closed, shutting down
