2023-10-25 22:33:03.663 [info] Log level: Info
2023-10-25 22:33:03.663 [info] Validating found git in: "git"
2023-10-25 22:33:03.663 [info] Using git "2.30.1" from "git"
2023-10-25 22:33:03.663 [info] > git rev-parse --show-toplevel [96ms]
2023-10-25 22:33:03.663 [info] > git rev-parse --git-dir --git-common-dir [8ms]
2023-10-25 22:33:03.663 [info] Open repository: /home/ac2842/computer-architecture
2023-10-25 22:33:03.663 [info] > git rev-parse --show-toplevel [10ms]
2023-10-25 22:33:03.681 [info] > git config --get commit.template [20ms]
2023-10-25 22:33:03.700 [info] > git for-each-ref --format=%(refname)%00%(upstream:short)%00%(objectname)%00%(upstream:track)%00%(upstream:remotename)%00%(upstream:remoteref) refs/heads/master refs/remotes/master [23ms]
2023-10-25 22:33:03.710 [info] > git rev-parse --show-toplevel [17ms]
2023-10-25 22:33:03.721 [info] > git rev-parse --show-toplevel [4ms]
2023-10-25 22:33:03.734 [info] > git rev-parse --show-toplevel [5ms]
2023-10-25 22:33:03.772 [info] > git status -z -uall [63ms]
2023-10-25 22:33:03.806 [info] > git config --get commit.template [10ms]
2023-10-25 22:33:03.813 [info] > git for-each-ref --format=%(refname)%00%(upstream:short)%00%(objectname)%00%(upstream:track)%00%(upstream:remotename)%00%(upstream:remoteref) refs/heads/master refs/remotes/master [8ms]
2023-10-25 22:33:03.867 [info] > git status -z -uall [44ms]
2023-10-25 22:33:04.437 [info] > git check-ignore -v -z --stdin [8ms]
2023-10-25 22:33:04.605 [info] > git show --textconv :lab2/lab2_proc/utb_ProcBaseDpath.v [16ms]
2023-10-25 22:33:04.612 [info] > git ls-files --stage -- /home/ac2842/computer-architecture/lab2/lab2_proc/utb_ProcBaseDpath.v [9ms]
2023-10-25 22:33:04.631 [info] > git cat-file -s 28d8200201046ad0568993bbde9d2e205846d864 [7ms]
2023-10-25 22:33:21.286 [info] > git config --get commit.template [12ms]
2023-10-25 22:33:21.292 [info] > git for-each-ref --format=%(refname)%00%(upstream:short)%00%(objectname)%00%(upstream:track)%00%(upstream:remotename)%00%(upstream:remoteref) refs/heads/master refs/remotes/master [7ms]
2023-10-25 22:33:21.519 [info] > git check-ignore -v -z --stdin [5ms]
2023-10-25 22:33:21.598 [info] > git status -z -uall [295ms]
2023-10-25 22:34:46.279 [info] > git config --get commit.template [11ms]
2023-10-25 22:34:46.292 [info] > git for-each-ref --format=%(refname)%00%(upstream:short)%00%(objectname)%00%(upstream:track)%00%(upstream:remotename)%00%(upstream:remoteref) refs/heads/master refs/remotes/master [14ms]
2023-10-25 22:34:46.706 [info] > git status -z -uall [404ms]
2023-10-25 22:34:51.739 [info] > git config --get commit.template [13ms]
2023-10-25 22:34:51.746 [info] > git for-each-ref --format=%(refname)%00%(upstream:short)%00%(objectname)%00%(upstream:track)%00%(upstream:remotename)%00%(upstream:remoteref) refs/heads/master refs/remotes/master [8ms]
2023-10-25 22:34:51.790 [info] > git status -z -uall [34ms]
2023-10-25 22:35:08.626 [info] > git config --get commit.template [13ms]
2023-10-25 22:35:08.635 [info] > git for-each-ref --format=%(refname)%00%(upstream:short)%00%(objectname)%00%(upstream:track)%00%(upstream:remotename)%00%(upstream:remoteref) refs/heads/master refs/remotes/master [9ms]
2023-10-25 22:35:08.700 [info] > git status -z -uall [56ms]
2023-10-25 22:35:12.576 [info] > git ls-files --stage -- /home/ac2842/computer-architecture/lab2/lab2_proc/Makefile [8ms]
2023-10-25 22:35:12.610 [info] > git cat-file -s d0b0e8e0086f68062b2b427755eb137285993ed3 [22ms]
2023-10-25 22:35:12.611 [info] > git show --textconv :lab2/lab2_proc/Makefile [56ms]
2023-10-25 22:35:13.748 [info] > git config --get commit.template [16ms]
2023-10-25 22:35:13.755 [info] > git for-each-ref --format=%(refname)%00%(upstream:short)%00%(objectname)%00%(upstream:track)%00%(upstream:remotename)%00%(upstream:remoteref) refs/heads/master refs/remotes/master [10ms]
2023-10-25 22:35:14.063 [info] > git status -z -uall [294ms]
2023-10-25 22:35:19.104 [info] > git config --get commit.template [15ms]
2023-10-25 22:35:19.111 [info] > git for-each-ref --format=%(refname)%00%(upstream:short)%00%(objectname)%00%(upstream:track)%00%(upstream:remotename)%00%(upstream:remoteref) refs/heads/master refs/remotes/master [9ms]
2023-10-25 22:35:19.159 [info] > git status -z -uall [35ms]
2023-10-25 22:35:24.187 [info] > git config --get commit.template [10ms]
2023-10-25 22:35:24.193 [info] > git for-each-ref --format=%(refname)%00%(upstream:short)%00%(objectname)%00%(upstream:track)%00%(upstream:remotename)%00%(upstream:remoteref) refs/heads/master refs/remotes/master [7ms]
2023-10-25 22:35:24.244 [info] > git status -z -uall [42ms]
2023-10-25 22:35:29.287 [info] > git config --get commit.template [16ms]
2023-10-25 22:35:29.292 [info] > git for-each-ref --format=%(refname)%00%(upstream:short)%00%(objectname)%00%(upstream:track)%00%(upstream:remotename)%00%(upstream:remoteref) refs/heads/master refs/remotes/master [9ms]
2023-10-25 22:35:29.338 [info] > git status -z -uall [35ms]
2023-10-25 22:35:34.380 [info] > git config --get commit.template [16ms]
2023-10-25 22:35:34.390 [info] > git for-each-ref --format=%(refname)%00%(upstream:short)%00%(objectname)%00%(upstream:track)%00%(upstream:remotename)%00%(upstream:remoteref) refs/heads/master refs/remotes/master [12ms]
2023-10-25 22:35:34.461 [info] > git status -z -uall [58ms]
2023-10-25 22:35:39.498 [info] > git config --get commit.template [12ms]
2023-10-25 22:35:39.502 [info] > git for-each-ref --format=%(refname)%00%(upstream:short)%00%(objectname)%00%(upstream:track)%00%(upstream:remotename)%00%(upstream:remoteref) refs/heads/master refs/remotes/master [7ms]
2023-10-25 22:35:39.549 [info] > git status -z -uall [36ms]
2023-10-25 22:36:05.084 [info] > git config --get commit.template [11ms]
2023-10-25 22:36:05.097 [info] > git for-each-ref --format=%(refname)%00%(upstream:short)%00%(objectname)%00%(upstream:track)%00%(upstream:remotename)%00%(upstream:remoteref) refs/heads/master refs/remotes/master [13ms]
2023-10-25 22:36:05.409 [info] > git status -z -uall [301ms]
2023-10-25 22:36:10.437 [info] > git config --get commit.template [10ms]
2023-10-25 22:36:10.489 [info] > git for-each-ref --format=%(refname)%00%(upstream:short)%00%(objectname)%00%(upstream:track)%00%(upstream:remotename)%00%(upstream:remoteref) refs/heads/master refs/remotes/master [53ms]
2023-10-25 22:36:10.539 [info] > git status -z -uall [36ms]
2023-10-25 22:36:15.569 [info] > git config --get commit.template [13ms]
2023-10-25 22:36:15.578 [info] > git for-each-ref --format=%(refname)%00%(upstream:short)%00%(objectname)%00%(upstream:track)%00%(upstream:remotename)%00%(upstream:remoteref) refs/heads/master refs/remotes/master [10ms]
2023-10-25 22:36:15.632 [info] > git status -z -uall [44ms]
2023-10-25 22:36:37.496 [info] > git ls-files --stage -- /home/ac2842/computer-architecture/lab2/lab2_proc/ProcDpathImmGen.v [4ms]
2023-10-25 22:36:37.506 [info] > git show --textconv :lab2/lab2_proc/ProcDpathImmGen.v [24ms]
2023-10-25 22:36:37.513 [info] > git cat-file -s 57fde7141fa4ed8eefa4dc446208187b77a6236c [7ms]
2023-10-25 22:36:38.363 [info] > git ls-files --stage -- /home/ac2842/computer-architecture/lab2/lab2_proc/ProcDpathAlu.v [5ms]
2023-10-25 22:36:38.405 [info] > git show --textconv :lab2/lab2_proc/ProcDpathAlu.v [58ms]
2023-10-25 22:36:38.405 [info] > git cat-file -s 11e4add7394358245f3b1580e22894d8a047ed2e [36ms]
2023-10-25 22:36:39.937 [info] > git show --textconv :lab2/lab2_proc/ProcAlt.v [17ms]
2023-10-25 22:36:39.938 [info] > git ls-files --stage -- /home/ac2842/computer-architecture/lab2/lab2_proc/ProcAlt.v [9ms]
2023-10-25 22:36:39.952 [info] > git cat-file -s 019cc091401a11d680066e3ae602fd0314e542c4 [5ms]
2023-10-25 22:37:54.380 [info] > git check-ignore -v -z --stdin [12ms]
2023-10-25 22:37:58.131 [info] > git show --textconv :lab2/lab2_proc/utb_ProcBaseDpath.v [12ms]
2023-10-25 22:37:58.132 [info] > git ls-files --stage -- /home/ac2842/computer-architecture/lab2/lab2_proc/utb_ProcBaseDpath.v [5ms]
2023-10-25 22:37:58.146 [info] > git cat-file -s 28d8200201046ad0568993bbde9d2e205846d864 [6ms]
2023-10-25 22:39:04.335 [info] > git check-ignore -v -z --stdin [11ms]
2023-10-25 22:39:31.545 [info] > git check-ignore -v -z --stdin [6ms]
2023-10-25 22:39:41.521 [info] > git check-ignore -v -z --stdin [10ms]
2023-10-25 22:39:53.502 [info] > git config --get commit.template [11ms]
2023-10-25 22:39:53.518 [info] > git for-each-ref --format=%(refname)%00%(upstream:short)%00%(objectname)%00%(upstream:track)%00%(upstream:remotename)%00%(upstream:remoteref) refs/heads/master refs/remotes/master [17ms]
2023-10-25 22:39:53.563 [info] > git check-ignore -v -z --stdin [6ms]
2023-10-25 22:39:53.842 [info] > git status -z -uall [313ms]
2023-10-25 22:39:56.345 [info] > git check-ignore -v -z --stdin [10ms]
2023-10-25 22:39:58.876 [info] > git config --get commit.template [11ms]
2023-10-25 22:39:58.883 [info] > git for-each-ref --format=%(refname)%00%(upstream:short)%00%(objectname)%00%(upstream:track)%00%(upstream:remotename)%00%(upstream:remoteref) refs/heads/master refs/remotes/master [8ms]
2023-10-25 22:39:58.929 [info] > git status -z -uall [36ms]
2023-10-25 22:40:09.232 [info] > git config --get commit.template [19ms]
2023-10-25 22:40:09.238 [info] > git for-each-ref --format=%(refname)%00%(upstream:short)%00%(objectname)%00%(upstream:track)%00%(upstream:remotename)%00%(upstream:remoteref) refs/heads/master refs/remotes/master [7ms]
2023-10-25 22:40:09.292 [info] > git status -z -uall [44ms]
2023-10-25 22:40:15.375 [info] > git config --get commit.template [11ms]
2023-10-25 22:40:15.385 [info] > git for-each-ref --format=%(refname)%00%(upstream:short)%00%(objectname)%00%(upstream:track)%00%(upstream:remotename)%00%(upstream:remoteref) refs/heads/master refs/remotes/master [11ms]
2023-10-25 22:40:15.437 [info] > git status -z -uall [39ms]
2023-10-25 22:40:20.471 [info] > git config --get commit.template [13ms]
2023-10-25 22:40:20.547 [info] > git for-each-ref --format=%(refname)%00%(upstream:short)%00%(objectname)%00%(upstream:track)%00%(upstream:remotename)%00%(upstream:remoteref) refs/heads/master refs/remotes/master [77ms]
2023-10-25 22:40:20.606 [info] > git status -z -uall [46ms]
2023-10-25 22:40:25.633 [info] > git config --get commit.template [10ms]
2023-10-25 22:40:25.640 [info] > git for-each-ref --format=%(refname)%00%(upstream:short)%00%(objectname)%00%(upstream:track)%00%(upstream:remotename)%00%(upstream:remoteref) refs/heads/master refs/remotes/master [8ms]
2023-10-25 22:40:25.694 [info] > git status -z -uall [44ms]
2023-10-25 22:40:30.723 [info] > git config --get commit.template [11ms]
2023-10-25 22:40:30.730 [info] > git for-each-ref --format=%(refname)%00%(upstream:short)%00%(objectname)%00%(upstream:track)%00%(upstream:remotename)%00%(upstream:remoteref) refs/heads/master refs/remotes/master [8ms]
2023-10-25 22:40:30.779 [info] > git status -z -uall [40ms]
2023-10-25 22:40:38.262 [info] > git config --get commit.template [13ms]
2023-10-25 22:40:38.267 [info] > git for-each-ref --format=%(refname)%00%(upstream:short)%00%(objectname)%00%(upstream:track)%00%(upstream:remotename)%00%(upstream:remoteref) refs/heads/master refs/remotes/master [7ms]
2023-10-25 22:40:38.322 [info] > git status -z -uall [42ms]
2023-10-25 22:40:43.347 [info] > git config --get commit.template [4ms]
2023-10-25 22:40:43.364 [info] > git for-each-ref --format=%(refname)%00%(upstream:short)%00%(objectname)%00%(upstream:track)%00%(upstream:remotename)%00%(upstream:remoteref) refs/heads/master refs/remotes/master [7ms]
2023-10-25 22:40:43.418 [info] > git status -z -uall [41ms]
2023-10-25 22:40:48.453 [info] > git config --get commit.template [13ms]
2023-10-25 22:40:48.462 [info] > git for-each-ref --format=%(refname)%00%(upstream:short)%00%(objectname)%00%(upstream:track)%00%(upstream:remotename)%00%(upstream:remoteref) refs/heads/master refs/remotes/master [10ms]
2023-10-25 22:40:48.523 [info] > git status -z -uall [48ms]
2023-10-25 22:50:07.661 [info] > git config --get commit.template [17ms]
2023-10-25 22:50:07.681 [info] > git for-each-ref --format=%(refname)%00%(upstream:short)%00%(objectname)%00%(upstream:track)%00%(upstream:remotename)%00%(upstream:remoteref) refs/heads/master refs/remotes/master [26ms]
2023-10-25 22:50:08.080 [info] > git status -z -uall [384ms]
