2023-10-25 17:09:42.174 [info] Log level: Info
2023-10-25 17:09:42.174 [info] Validating found git in: "git"
2023-10-25 17:09:42.174 [info] Using git "2.30.1" from "git"
2023-10-25 17:09:42.174 [info] > git rev-parse --show-toplevel [5ms]
2023-10-25 17:09:42.174 [info] > git rev-parse --git-dir --git-common-dir [4ms]
2023-10-25 17:09:42.174 [info] Open repository: /home/ac2842/computer-architecture
2023-10-25 17:09:42.174 [info] > git rev-parse --show-toplevel [14ms]
2023-10-25 17:09:42.174 [info] > git config --get commit.template [23ms]
2023-10-25 17:09:42.174 [info] > git for-each-ref --format=%(refname)%00%(upstream:short)%00%(objectname)%00%(upstream:track)%00%(upstream:remotename)%00%(upstream:remoteref) refs/heads/master refs/remotes/master [13ms]
2023-10-25 17:09:42.174 [info] > git rev-parse --show-toplevel [22ms]
2023-10-25 17:09:42.174 [info] > git rev-parse --show-toplevel [5ms]
2023-10-25 17:09:42.174 [info] > git rev-parse --show-toplevel [78ms]
2023-10-25 17:09:42.206 [info] > git status -z -uall [158ms]
2023-10-25 17:09:42.767 [info] > git config --get commit.template [39ms]
2023-10-25 17:09:42.854 [info] > git check-ignore -v -z --stdin [96ms]
2023-10-25 17:09:42.871 [info] > git for-each-ref --format=%(refname)%00%(upstream:short)%00%(objectname)%00%(upstream:track)%00%(upstream:remotename)%00%(upstream:remoteref) refs/heads/master refs/remotes/master [76ms]
2023-10-25 17:09:43.186 [info] > git status -z -uall [303ms]
2023-10-25 17:09:43.742 [info] > git show --textconv :lab2/Makefile [27ms]
2023-10-25 17:09:43.743 [info] > git ls-files --stage -- /home/ac2842/computer-architecture/lab2/Makefile [12ms]
2023-10-25 17:10:53.894 [info] > git check-ignore -v -z --stdin [12ms]
2023-10-25 17:10:55.681 [info] > git show --textconv :lab2/lab2_proc/tb_Proc.v [18ms]
2023-10-25 17:10:55.684 [info] > git ls-files --stage -- /home/ac2842/computer-architecture/lab2/lab2_proc/tb_Proc.v [4ms]
2023-10-25 17:11:59.784 [info] > git show --textconv :lab2/Makefile [15ms]
2023-10-25 17:11:59.787 [info] > git ls-files --stage -- /home/ac2842/computer-architecture/lab2/Makefile [5ms]
2023-10-25 17:12:49.435 [info] > git config --get commit.template [3ms]
2023-10-25 17:12:49.444 [info] > git for-each-ref --format=%(refname)%00%(upstream:short)%00%(objectname)%00%(upstream:track)%00%(upstream:remotename)%00%(upstream:remoteref) refs/heads/master refs/remotes/master [23ms]
2023-10-25 17:12:49.549 [info] > git status -z -uall [90ms]
2023-10-25 17:12:54.705 [info] > git config --get commit.template [17ms]
2023-10-25 17:12:54.709 [info] > git for-each-ref --format=%(refname)%00%(upstream:short)%00%(objectname)%00%(upstream:track)%00%(upstream:remotename)%00%(upstream:remoteref) refs/heads/master refs/remotes/master [8ms]
2023-10-25 17:12:54.780 [info] > git status -z -uall [58ms]
2023-10-25 17:17:01.880 [info] > git ls-files --stage -- /home/ac2842/computer-architecture/lab2/lab2_proc/tb_Proc.v [7ms]
2023-10-25 17:17:01.882 [info] > git show --textconv :lab2/lab2_proc/tb_Proc.v [21ms]
2023-10-25 17:17:05.012 [info] > git show --textconv :lab2/lab2_proc/ProcBaseCtrl.v [13ms]
2023-10-25 17:17:05.014 [info] > git ls-files --stage -- /home/ac2842/computer-architecture/lab2/lab2_proc/ProcBaseCtrl.v [3ms]
2023-10-25 17:17:23.612 [info] > git config --get commit.template [12ms]
2023-10-25 17:17:23.625 [info] > git for-each-ref --format=%(refname)%00%(upstream:short)%00%(objectname)%00%(upstream:track)%00%(upstream:remotename)%00%(upstream:remoteref) refs/heads/master refs/remotes/master [14ms]
2023-10-25 17:17:23.700 [info] > git status -z -uall [67ms]
2023-10-25 17:17:24.310 [info] > git show --textconv :lab2/lab2_proc/ProcBaseDpath.v [12ms]
2023-10-25 17:17:24.314 [info] > git ls-files --stage -- /home/ac2842/computer-architecture/lab2/lab2_proc/ProcBaseDpath.v [6ms]
2023-10-25 17:17:25.882 [info] > git show --textconv :lab2/lab2_proc/ProcBaseCtrl.v [11ms]
2023-10-25 17:17:25.885 [info] > git ls-files --stage -- /home/ac2842/computer-architecture/lab2/lab2_proc/ProcBaseCtrl.v [4ms]
2023-10-25 17:18:18.843 [info] > git config --get commit.template [13ms]
2023-10-25 17:18:18.852 [info] > git for-each-ref --format=%(refname)%00%(upstream:short)%00%(objectname)%00%(upstream:track)%00%(upstream:remotename)%00%(upstream:remoteref) refs/heads/master refs/remotes/master [10ms]
2023-10-25 17:18:18.916 [info] > git status -z -uall [50ms]
2023-10-25 17:19:47.288 [info] > git config --get commit.template [19ms]
2023-10-25 17:19:47.296 [info] > git for-each-ref --format=%(refname)%00%(upstream:short)%00%(objectname)%00%(upstream:track)%00%(upstream:remotename)%00%(upstream:remoteref) refs/heads/master refs/remotes/master [10ms]
2023-10-25 17:19:47.366 [info] > git status -z -uall [53ms]
2023-10-25 17:20:49.282 [info] > git show --textconv :lab2/lab2_proc/ProcBase.v [12ms]
2023-10-25 17:20:49.283 [info] > git ls-files --stage -- /home/ac2842/computer-architecture/lab2/lab2_proc/ProcBase.v [4ms]
2023-10-25 17:21:10.997 [info] > git show --textconv :lab2/lab2_proc/ProcBaseCtrl.v [17ms]
2023-10-25 17:21:11.003 [info] > git ls-files --stage -- /home/ac2842/computer-architecture/lab2/lab2_proc/ProcBaseCtrl.v [8ms]
2023-10-25 17:21:12.072 [info] > git show --textconv :lab2/lab2_proc/tinyrv2_encoding.v [11ms]
2023-10-25 17:21:12.074 [info] > git ls-files --stage -- /home/ac2842/computer-architecture/lab2/lab2_proc/tinyrv2_encoding.v [3ms]
2023-10-25 17:21:14.642 [info] > git show --textconv :lab2/lab2_proc/ProcBaseCtrl.v [11ms]
2023-10-25 17:21:14.644 [info] > git ls-files --stage -- /home/ac2842/computer-architecture/lab2/lab2_proc/ProcBaseCtrl.v [3ms]
2023-10-25 17:21:22.560 [info] > git check-ignore -v -z --stdin [10ms]
2023-10-25 17:21:28.481 [info] > git show --textconv :lab2/lab2_proc/ProcBaseCtrl.v [11ms]
2023-10-25 17:21:28.483 [info] > git ls-files --stage -- /home/ac2842/computer-architecture/lab2/lab2_proc/ProcBaseCtrl.v [2ms]
2023-10-25 17:27:09.027 [info] > git config --get commit.template [18ms]
2023-10-25 17:27:09.043 [info] > git for-each-ref --format=%(refname)%00%(upstream:short)%00%(objectname)%00%(upstream:track)%00%(upstream:remotename)%00%(upstream:remoteref) refs/heads/master refs/remotes/master [18ms]
2023-10-25 17:27:09.108 [info] > git check-ignore -v -z --stdin [4ms]
2023-10-25 17:27:09.129 [info] > git status -z -uall [71ms]
2023-10-25 17:27:24.269 [info] > git config --get commit.template [17ms]
2023-10-25 17:27:24.276 [info] > git for-each-ref --format=%(refname)%00%(upstream:short)%00%(objectname)%00%(upstream:track)%00%(upstream:remotename)%00%(upstream:remoteref) refs/heads/master refs/remotes/master [9ms]
2023-10-25 17:27:24.337 [info] > git status -z -uall [53ms]
2023-10-25 17:27:24.338 [info] > git check-ignore -v -z --stdin [11ms]
2023-10-25 17:27:37.925 [info] > git config --get commit.template [11ms]
2023-10-25 17:27:37.933 [info] > git for-each-ref --format=%(refname)%00%(upstream:short)%00%(objectname)%00%(upstream:track)%00%(upstream:remotename)%00%(upstream:remoteref) refs/heads/master refs/remotes/master [10ms]
2023-10-25 17:27:37.998 [info] > git status -z -uall [55ms]
2023-10-25 17:28:01.065 [info] > git config --get commit.template [16ms]
2023-10-25 17:28:01.070 [info] > git for-each-ref --format=%(refname)%00%(upstream:short)%00%(objectname)%00%(upstream:track)%00%(upstream:remotename)%00%(upstream:remoteref) refs/heads/master refs/remotes/master [9ms]
2023-10-25 17:28:01.154 [info] > git status -z -uall [73ms]
2023-10-25 17:28:15.763 [info] > git config --get commit.template [21ms]
2023-10-25 17:28:15.843 [info] > git for-each-ref --format=%(refname)%00%(upstream:short)%00%(objectname)%00%(upstream:track)%00%(upstream:remotename)%00%(upstream:remoteref) refs/heads/master refs/remotes/master [81ms]
2023-10-25 17:28:15.856 [info] > git check-ignore -v -z --stdin [15ms]
2023-10-25 17:28:16.257 [info] > git status -z -uall [402ms]
2023-10-25 17:28:25.366 [info] > git check-ignore -v -z --stdin [4ms]
2023-10-25 17:28:25.497 [info] > git config --get commit.template [18ms]
2023-10-25 17:28:25.501 [info] > git for-each-ref --format=%(refname)%00%(upstream:short)%00%(objectname)%00%(upstream:track)%00%(upstream:remotename)%00%(upstream:remoteref) refs/heads/master refs/remotes/master [6ms]
2023-10-25 17:28:25.564 [info] > git status -z -uall [52ms]
2023-10-25 17:35:06.600 [info] > git show --textconv :lab2/lab2_proc/ProcBaseDpath.v [22ms]
2023-10-25 17:35:06.602 [info] > git ls-files --stage -- /home/ac2842/computer-architecture/lab2/lab2_proc/ProcBaseDpath.v [9ms]
2023-10-25 17:37:14.398 [info] > git show --textconv :lab2/lab2_proc/ProcBaseCtrl.v [22ms]
2023-10-25 17:37:14.400 [info] > git ls-files --stage -- /home/ac2842/computer-architecture/lab2/lab2_proc/ProcBaseCtrl.v [6ms]
2023-10-25 17:43:28.643 [info] > git show --textconv :lab2/lab2_proc/ProcBaseDpath.v [15ms]
2023-10-25 17:43:28.645 [info] > git ls-files --stage -- /home/ac2842/computer-architecture/lab2/lab2_proc/ProcBaseDpath.v [5ms]
2023-10-25 17:43:37.564 [info] > git show --textconv :lab2/lab2_proc/ProcBaseCtrl.v [15ms]
2023-10-25 17:43:37.568 [info] > git ls-files --stage -- /home/ac2842/computer-architecture/lab2/lab2_proc/ProcBaseCtrl.v [5ms]
2023-10-25 17:44:15.736 [info] > git show --textconv :lab2/lab2_proc/tinyrv2_encoding.v [17ms]
2023-10-25 17:44:15.739 [info] > git ls-files --stage -- /home/ac2842/computer-architecture/lab2/lab2_proc/tinyrv2_encoding.v [4ms]
2023-10-25 17:46:20.629 [info] > git show --textconv :lab2/lab2_proc/tinyrv2_encoding_assembler.py [26ms]
2023-10-25 17:46:20.630 [info] > git ls-files --stage -- /home/ac2842/computer-architecture/lab2/lab2_proc/tinyrv2_encoding_assembler.py [18ms]
2023-10-25 17:46:45.414 [info] > git show --textconv :lab2/lab2_proc/tinyrv2_encoding.v [14ms]
2023-10-25 17:46:45.416 [info] > git ls-files --stage -- /home/ac2842/computer-architecture/lab2/lab2_proc/tinyrv2_encoding.v [3ms]
2023-10-25 17:47:25.729 [info] > git show --textconv :lab2/lab2_proc/tb_Proc.v [15ms]
2023-10-25 17:47:25.732 [info] > git ls-files --stage -- /home/ac2842/computer-architecture/lab2/lab2_proc/tb_Proc.v [4ms]
2023-10-25 17:47:27.142 [info] > git show --textconv :lab2/lab2_proc/ProcFLMultiCycle.v [13ms]
2023-10-25 17:47:27.144 [info] > git ls-files --stage -- /home/ac2842/computer-architecture/lab2/lab2_proc/ProcFLMultiCycle.v [3ms]
2023-10-25 17:47:37.538 [info] > git show --textconv :lab2/lab2_proc/ProcBaseDpath.v [18ms]
2023-10-25 17:47:37.542 [info] > git ls-files --stage -- /home/ac2842/computer-architecture/lab2/lab2_proc/ProcBaseDpath.v [6ms]
2023-10-25 17:47:39.558 [info] > git show --textconv :lab2/lab2_proc/ProcBaseCtrl.v [13ms]
2023-10-25 17:47:39.560 [info] > git ls-files --stage -- /home/ac2842/computer-architecture/lab2/lab2_proc/ProcBaseCtrl.v [3ms]
2023-10-25 17:55:38.269 [info] > git config --get commit.template [3ms]
2023-10-25 17:55:38.271 [info] > git for-each-ref --format=%(refname)%00%(upstream:short)%00%(objectname)%00%(upstream:track)%00%(upstream:remotename)%00%(upstream:remoteref) refs/heads/master refs/remotes/master [25ms]
2023-10-25 17:55:38.382 [info] > git status -z -uall [91ms]
2023-10-25 17:58:46.630 [info] > git config --get commit.template [25ms]
2023-10-25 17:58:46.641 [info] > git for-each-ref --format=%(refname)%00%(upstream:short)%00%(objectname)%00%(upstream:track)%00%(upstream:remotename)%00%(upstream:remoteref) refs/heads/master refs/remotes/master [15ms]
2023-10-25 17:58:46.748 [info] > git status -z -uall [85ms]
2023-10-25 17:58:52.410 [info] > git config --get commit.template [19ms]
2023-10-25 17:58:52.413 [info] > git for-each-ref --format=%(refname)%00%(upstream:short)%00%(objectname)%00%(upstream:track)%00%(upstream:remotename)%00%(upstream:remoteref) refs/heads/master refs/remotes/master [5ms]
2023-10-25 17:58:52.478 [info] > git status -z -uall [48ms]
2023-10-25 18:01:44.222 [info] > git config --get commit.template [103ms]
2023-10-25 18:01:44.256 [info] > git for-each-ref --format=%(refname)%00%(upstream:short)%00%(objectname)%00%(upstream:track)%00%(upstream:remotename)%00%(upstream:remoteref) refs/heads/master refs/remotes/master [111ms]
2023-10-25 18:01:44.354 [info] > git status -z -uall [77ms]
2023-10-25 18:02:13.975 [info] > git config --get commit.template [23ms]
2023-10-25 18:02:13.980 [info] > git for-each-ref --format=%(refname)%00%(upstream:short)%00%(objectname)%00%(upstream:track)%00%(upstream:remotename)%00%(upstream:remoteref) refs/heads/master refs/remotes/master [7ms]
2023-10-25 18:02:14.110 [info] > git status -z -uall [110ms]
2023-10-25 18:03:03.928 [info] > git config --get commit.template [14ms]
2023-10-25 18:03:03.935 [info] > git for-each-ref --format=%(refname)%00%(upstream:short)%00%(objectname)%00%(upstream:track)%00%(upstream:remotename)%00%(upstream:remoteref) refs/heads/master refs/remotes/master [8ms]
2023-10-25 18:03:04.001 [info] > git status -z -uall [55ms]
2023-10-25 18:05:13.743 [info] > git config --get commit.template [21ms]
2023-10-25 18:05:13.762 [info] > git for-each-ref --format=%(refname)%00%(upstream:short)%00%(objectname)%00%(upstream:track)%00%(upstream:remotename)%00%(upstream:remoteref) refs/heads/master refs/remotes/master [21ms]
2023-10-25 18:05:13.853 [info] > git status -z -uall [71ms]
2023-10-25 18:05:19.011 [info] > git config --get commit.template [14ms]
2023-10-25 18:05:19.014 [info] > git for-each-ref --format=%(refname)%00%(upstream:short)%00%(objectname)%00%(upstream:track)%00%(upstream:remotename)%00%(upstream:remoteref) refs/heads/master refs/remotes/master [5ms]
2023-10-25 18:05:19.078 [info] > git status -z -uall [49ms]
2023-10-25 18:06:27.413 [info] > git config --get commit.template [13ms]
2023-10-25 18:06:27.420 [info] > git for-each-ref --format=%(refname)%00%(upstream:short)%00%(objectname)%00%(upstream:track)%00%(upstream:remotename)%00%(upstream:remoteref) refs/heads/master refs/remotes/master [9ms]
2023-10-25 18:06:27.497 [info] > git status -z -uall [64ms]
2023-10-25 18:06:41.934 [info] > git config --get commit.template [17ms]
2023-10-25 18:06:41.937 [info] > git for-each-ref --format=%(refname)%00%(upstream:short)%00%(objectname)%00%(upstream:track)%00%(upstream:remotename)%00%(upstream:remoteref) refs/heads/master refs/remotes/master [4ms]
2023-10-25 18:06:41.997 [info] > git status -z -uall [46ms]
2023-10-25 18:07:19.656 [info] > git config --get commit.template [17ms]
2023-10-25 18:07:19.660 [info] > git for-each-ref --format=%(refname)%00%(upstream:short)%00%(objectname)%00%(upstream:track)%00%(upstream:remotename)%00%(upstream:remoteref) refs/heads/master refs/remotes/master [5ms]
2023-10-25 18:07:19.718 [info] > git status -z -uall [47ms]
2023-10-25 18:08:27.946 [info] > git config --get commit.template [16ms]
2023-10-25 18:08:27.954 [info] > git for-each-ref --format=%(refname)%00%(upstream:short)%00%(objectname)%00%(upstream:track)%00%(upstream:remotename)%00%(upstream:remoteref) refs/heads/master refs/remotes/master [9ms]
2023-10-25 18:08:28.042 [info] > git status -z -uall [68ms]
2023-10-25 18:09:02.245 [info] > git config --get commit.template [30ms]
2023-10-25 18:09:02.246 [info] > git for-each-ref --format=%(refname)%00%(upstream:short)%00%(objectname)%00%(upstream:track)%00%(upstream:remotename)%00%(upstream:remoteref) refs/heads/master refs/remotes/master [5ms]
2023-10-25 18:09:02.309 [info] > git status -z -uall [43ms]
2023-10-25 18:09:11.169 [info] > git config --get commit.template [26ms]
2023-10-25 18:09:11.195 [info] > git for-each-ref --format=%(refname)%00%(upstream:short)%00%(objectname)%00%(upstream:track)%00%(upstream:remotename)%00%(upstream:remoteref) refs/heads/master refs/remotes/master [28ms]
2023-10-25 18:09:11.510 [info] > git status -z -uall [290ms]
2023-10-25 18:09:16.651 [info] > git config --get commit.template [23ms]
2023-10-25 18:09:16.654 [info] > git for-each-ref --format=%(refname)%00%(upstream:short)%00%(objectname)%00%(upstream:track)%00%(upstream:remotename)%00%(upstream:remoteref) refs/heads/master refs/remotes/master [4ms]
2023-10-25 18:09:16.714 [info] > git status -z -uall [39ms]
2023-10-25 18:09:21.870 [info] > git config --get commit.template [25ms]
2023-10-25 18:09:21.875 [info] > git for-each-ref --format=%(refname)%00%(upstream:short)%00%(objectname)%00%(upstream:track)%00%(upstream:remotename)%00%(upstream:remoteref) refs/heads/master refs/remotes/master [7ms]
2023-10-25 18:09:21.940 [info] > git status -z -uall [44ms]
2023-10-25 18:09:28.507 [info] > git config --get commit.template [25ms]
2023-10-25 18:09:28.512 [info] > git for-each-ref --format=%(refname)%00%(upstream:short)%00%(objectname)%00%(upstream:track)%00%(upstream:remotename)%00%(upstream:remoteref) refs/heads/master refs/remotes/master [7ms]
2023-10-25 18:09:28.589 [info] > git status -z -uall [58ms]
2023-10-25 18:09:33.746 [info] > git config --get commit.template [20ms]
2023-10-25 18:09:33.748 [info] > git for-each-ref --format=%(refname)%00%(upstream:short)%00%(objectname)%00%(upstream:track)%00%(upstream:remotename)%00%(upstream:remoteref) refs/heads/master refs/remotes/master [5ms]
2023-10-25 18:09:33.815 [info] > git status -z -uall [44ms]
2023-10-25 18:09:38.951 [info] > git config --get commit.template [23ms]
2023-10-25 18:09:38.955 [info] > git for-each-ref --format=%(refname)%00%(upstream:short)%00%(objectname)%00%(upstream:track)%00%(upstream:remotename)%00%(upstream:remoteref) refs/heads/master refs/remotes/master [7ms]
2023-10-25 18:09:39.029 [info] > git status -z -uall [49ms]
2023-10-25 18:09:44.173 [info] > git config --get commit.template [21ms]
2023-10-25 18:09:44.212 [info] > git for-each-ref --format=%(refname)%00%(upstream:short)%00%(objectname)%00%(upstream:track)%00%(upstream:remotename)%00%(upstream:remoteref) refs/heads/master refs/remotes/master [40ms]
2023-10-25 18:09:44.305 [info] > git status -z -uall [73ms]
2023-10-25 18:09:59.114 [info] > git config --get commit.template [27ms]
2023-10-25 18:09:59.118 [info] > git for-each-ref --format=%(refname)%00%(upstream:short)%00%(objectname)%00%(upstream:track)%00%(upstream:remotename)%00%(upstream:remoteref) refs/heads/master refs/remotes/master [6ms]
2023-10-25 18:09:59.284 [info] > git status -z -uall [141ms]
2023-10-25 18:17:18.289 [info] > git config --get commit.template [16ms]
2023-10-25 18:17:18.305 [info] > git for-each-ref --format=%(refname)%00%(upstream:short)%00%(objectname)%00%(upstream:track)%00%(upstream:remotename)%00%(upstream:remoteref) refs/heads/master refs/remotes/master [17ms]
2023-10-25 18:17:18.408 [info] > git status -z -uall [85ms]
2023-10-25 18:17:23.563 [info] > git config --get commit.template [13ms]
2023-10-25 18:17:23.567 [info] > git for-each-ref --format=%(refname)%00%(upstream:short)%00%(objectname)%00%(upstream:track)%00%(upstream:remotename)%00%(upstream:remoteref) refs/heads/master refs/remotes/master [5ms]
2023-10-25 18:17:23.625 [info] > git status -z -uall [45ms]
2023-10-25 18:17:28.745 [info] > git config --get commit.template [19ms]
2023-10-25 18:17:28.751 [info] > git for-each-ref --format=%(refname)%00%(upstream:short)%00%(objectname)%00%(upstream:track)%00%(upstream:remotename)%00%(upstream:remoteref) refs/heads/master refs/remotes/master [7ms]
2023-10-25 18:17:28.814 [info] > git status -z -uall [49ms]
2023-10-25 18:27:26.557 [info] > git show --textconv :lab2/lab2_proc/ProcBaseDpath.v [16ms]
2023-10-25 18:27:26.560 [info] > git ls-files --stage -- /home/ac2842/computer-architecture/lab2/lab2_proc/ProcBaseDpath.v [4ms]
2023-10-25 18:29:34.127 [info] > git show --textconv :lab2/lab2_proc/ProcFLMultiCycle.v [14ms]
2023-10-25 18:29:34.130 [info] > git ls-files --stage -- /home/ac2842/computer-architecture/lab2/lab2_proc/ProcFLMultiCycle.v [4ms]
2023-10-25 18:30:43.025 [info] > git config --get commit.template [13ms]
2023-10-25 18:30:43.035 [info] > git for-each-ref --format=%(refname)%00%(upstream:short)%00%(objectname)%00%(upstream:track)%00%(upstream:remotename)%00%(upstream:remoteref) refs/heads/master refs/remotes/master [11ms]
2023-10-25 18:30:43.097 [info] > git status -z -uall [50ms]
2023-10-25 18:30:48.247 [info] > git config --get commit.template [16ms]
2023-10-25 18:30:48.250 [info] > git for-each-ref --format=%(refname)%00%(upstream:short)%00%(objectname)%00%(upstream:track)%00%(upstream:remotename)%00%(upstream:remoteref) refs/heads/master refs/remotes/master [5ms]
2023-10-25 18:30:48.307 [info] > git status -z -uall [42ms]
2023-10-25 18:30:53.423 [info] > git config --get commit.template [16ms]
2023-10-25 18:30:53.427 [info] > git for-each-ref --format=%(refname)%00%(upstream:short)%00%(objectname)%00%(upstream:track)%00%(upstream:remotename)%00%(upstream:remoteref) refs/heads/master refs/remotes/master [6ms]
2023-10-25 18:30:53.488 [info] > git status -z -uall [47ms]
2023-10-25 18:30:58.613 [info] > git config --get commit.template [19ms]
2023-10-25 18:30:58.620 [info] > git for-each-ref --format=%(refname)%00%(upstream:short)%00%(objectname)%00%(upstream:track)%00%(upstream:remotename)%00%(upstream:remoteref) refs/heads/master refs/remotes/master [8ms]
2023-10-25 18:30:58.679 [info] > git status -z -uall [45ms]
2023-10-25 18:31:48.901 [info] > git show --textconv :lab2/lab2_proc/ProcBaseDpath.v [19ms]
2023-10-25 18:31:48.905 [info] > git ls-files --stage -- /home/ac2842/computer-architecture/lab2/lab2_proc/ProcBaseDpath.v [5ms]
2023-10-25 18:31:54.681 [info] > git show --textconv :lab2/lab2_proc/ProcBaseCtrl.v [17ms]
2023-10-25 18:31:54.683 [info] > git ls-files --stage -- /home/ac2842/computer-architecture/lab2/lab2_proc/ProcBaseCtrl.v [3ms]
