2023-10-25 22:59:46.494 [info] Log level: Info
2023-10-25 22:59:46.494 [info] Validating found git in: "git"
2023-10-25 22:59:46.494 [info] Using git "2.30.1" from "git"
2023-10-25 22:59:46.494 [info] > git rev-parse --show-toplevel [117ms]
2023-10-25 22:59:46.494 [info] > git rev-parse --git-dir --git-common-dir [5ms]
2023-10-25 22:59:46.494 [info] Open repository: /home/ac2842/computer-architecture
2023-10-25 22:59:46.494 [info] > git config --get commit.template [8ms]
2023-10-25 22:59:46.494 [info] > git rev-parse --show-toplevel [14ms]
2023-10-25 22:59:46.494 [info] > git rev-parse --show-toplevel [6ms]
2023-10-25 22:59:46.494 [info] > git for-each-ref --format=%(refname)%00%(upstream:short)%00%(objectname)%00%(upstream:track)%00%(upstream:remotename)%00%(upstream:remoteref) refs/heads/master refs/remotes/master [26ms]
2023-10-25 22:59:46.494 [info] > git rev-parse --show-toplevel [11ms]
2023-10-25 22:59:46.510 [info] > git rev-parse --show-toplevel [7ms]
2023-10-25 22:59:46.592 [info] > git status -z -uall [101ms]
2023-10-25 22:59:46.628 [info] > git config --get commit.template [9ms]
2023-10-25 22:59:46.671 [info] > git for-each-ref --format=%(refname)%00%(upstream:short)%00%(objectname)%00%(upstream:track)%00%(upstream:remotename)%00%(upstream:remoteref) refs/heads/master refs/remotes/master [44ms]
2023-10-25 22:59:46.892 [info] > git status -z -uall [213ms]
2023-10-25 22:59:47.118 [info] > git check-ignore -v -z --stdin [65ms]
2023-10-25 22:59:47.188 [info] > git show --textconv :lab2/lab2_proc/utb_ProcBaseDpath.v [22ms]
2023-10-25 22:59:47.188 [info] > git ls-files --stage -- /home/ac2842/computer-architecture/lab2/lab2_proc/utb_ProcBaseDpath.v [14ms]
2023-10-25 22:59:47.203 [info] > git cat-file -s 28d8200201046ad0568993bbde9d2e205846d864 [7ms]
2023-10-25 23:00:27.183 [info] > git check-ignore -v -z --stdin [7ms]
2023-10-25 23:00:50.327 [info] > git check-ignore -v -z --stdin [10ms]
2023-10-25 23:00:58.227 [info] > git check-ignore -v -z --stdin [10ms]
2023-10-25 23:02:20.664 [info] > git ls-files --stage -- /home/ac2842/computer-architecture/lab2/lab2_proc/asm/add.asm [9ms]
2023-10-25 23:02:20.694 [info] > git show --textconv :lab2/lab2_proc/asm/add.asm [51ms]
2023-10-25 23:02:20.697 [info] > git cat-file -s 6d1cfda25411d0bdbcd2b80a546a7891a37326fe [25ms]
2023-10-25 23:02:46.638 [info] > git config --get commit.template [12ms]
2023-10-25 23:02:46.648 [info] > git for-each-ref --format=%(refname)%00%(upstream:short)%00%(objectname)%00%(upstream:track)%00%(upstream:remotename)%00%(upstream:remoteref) refs/heads/master refs/remotes/master [12ms]
2023-10-25 23:02:46.972 [info] > git status -z -uall [317ms]
2023-10-25 23:03:06.426 [info] > git config --get commit.template [13ms]
2023-10-25 23:03:06.430 [info] > git for-each-ref --format=%(refname)%00%(upstream:short)%00%(objectname)%00%(upstream:track)%00%(upstream:remotename)%00%(upstream:remoteref) refs/heads/master refs/remotes/master [8ms]
2023-10-25 23:03:06.479 [info] > git status -z -uall [40ms]
2023-10-25 23:03:12.429 [info] > git config --get commit.template [11ms]
2023-10-25 23:03:12.435 [info] > git for-each-ref --format=%(refname)%00%(upstream:short)%00%(objectname)%00%(upstream:track)%00%(upstream:remotename)%00%(upstream:remoteref) refs/heads/master refs/remotes/master [8ms]
2023-10-25 23:03:12.483 [info] > git status -z -uall [41ms]
2023-10-25 23:03:17.519 [info] > git config --get commit.template [14ms]
2023-10-25 23:03:17.524 [info] > git for-each-ref --format=%(refname)%00%(upstream:short)%00%(objectname)%00%(upstream:track)%00%(upstream:remotename)%00%(upstream:remoteref) refs/heads/master refs/remotes/master [6ms]
2023-10-25 23:03:17.568 [info] > git status -z -uall [37ms]
2023-10-25 23:03:22.604 [info] > git config --get commit.template [11ms]
2023-10-25 23:03:22.612 [info] > git for-each-ref --format=%(refname)%00%(upstream:short)%00%(objectname)%00%(upstream:track)%00%(upstream:remotename)%00%(upstream:remoteref) refs/heads/master refs/remotes/master [9ms]
2023-10-25 23:03:22.669 [info] > git status -z -uall [49ms]
2023-10-25 23:04:13.009 [info] > git config --get commit.template [11ms]
2023-10-25 23:04:13.014 [info] > git for-each-ref --format=%(refname)%00%(upstream:short)%00%(objectname)%00%(upstream:track)%00%(upstream:remotename)%00%(upstream:remoteref) refs/heads/master refs/remotes/master [7ms]
2023-10-25 23:04:13.981 [info] > git status -z -uall [955ms]
2023-10-25 23:04:19.010 [info] > git config --get commit.template [12ms]
2023-10-25 23:04:19.021 [info] > git for-each-ref --format=%(refname)%00%(upstream:short)%00%(objectname)%00%(upstream:track)%00%(upstream:remotename)%00%(upstream:remoteref) refs/heads/master refs/remotes/master [13ms]
2023-10-25 23:04:19.077 [info] > git status -z -uall [42ms]
2023-10-25 23:06:21.206 [info] > git config --get commit.template [22ms]
2023-10-25 23:06:21.230 [info] > git for-each-ref --format=%(refname)%00%(upstream:short)%00%(objectname)%00%(upstream:track)%00%(upstream:remotename)%00%(upstream:remoteref) refs/heads/master refs/remotes/master [35ms]
2023-10-25 23:06:21.664 [info] > git status -z -uall [424ms]
2023-10-25 23:06:41.404 [info] > git config --get commit.template [14ms]
2023-10-25 23:06:41.412 [info] > git for-each-ref --format=%(refname)%00%(upstream:short)%00%(objectname)%00%(upstream:track)%00%(upstream:remotename)%00%(upstream:remoteref) refs/heads/master refs/remotes/master [9ms]
2023-10-25 23:06:41.459 [info] > git status -z -uall [36ms]
2023-10-25 23:06:48.262 [info] > git config --get commit.template [8ms]
2023-10-25 23:06:48.269 [info] > git for-each-ref --format=%(refname)%00%(upstream:short)%00%(objectname)%00%(upstream:track)%00%(upstream:remotename)%00%(upstream:remoteref) refs/heads/master refs/remotes/master [8ms]
2023-10-25 23:06:48.316 [info] > git status -z -uall [38ms]
2023-10-25 23:06:54.480 [info] > git config --get commit.template [12ms]
2023-10-25 23:06:54.488 [info] > git for-each-ref --format=%(refname)%00%(upstream:short)%00%(objectname)%00%(upstream:track)%00%(upstream:remotename)%00%(upstream:remoteref) refs/heads/master refs/remotes/master [9ms]
2023-10-25 23:06:54.538 [info] > git status -z -uall [38ms]
2023-10-25 23:06:59.573 [info] > git config --get commit.template [14ms]
2023-10-25 23:06:59.584 [info] > git for-each-ref --format=%(refname)%00%(upstream:short)%00%(objectname)%00%(upstream:track)%00%(upstream:remotename)%00%(upstream:remoteref) refs/heads/master refs/remotes/master [12ms]
2023-10-25 23:06:59.637 [info] > git status -z -uall [45ms]
2023-10-25 23:07:18.474 [info] > git config --get commit.template [11ms]
2023-10-25 23:07:18.478 [info] > git for-each-ref --format=%(refname)%00%(upstream:short)%00%(objectname)%00%(upstream:track)%00%(upstream:remotename)%00%(upstream:remoteref) refs/heads/master refs/remotes/master [6ms]
2023-10-25 23:07:18.537 [info] > git status -z -uall [51ms]
2023-10-25 23:07:38.482 [info] > git config --get commit.template [9ms]
2023-10-25 23:07:38.490 [info] > git for-each-ref --format=%(refname)%00%(upstream:short)%00%(objectname)%00%(upstream:track)%00%(upstream:remotename)%00%(upstream:remoteref) refs/heads/master refs/remotes/master [8ms]
2023-10-25 23:07:38.822 [info] > git status -z -uall [322ms]
2023-10-25 23:07:57.940 [info] > git config --get commit.template [13ms]
2023-10-25 23:07:57.948 [info] > git for-each-ref --format=%(refname)%00%(upstream:short)%00%(objectname)%00%(upstream:track)%00%(upstream:remotename)%00%(upstream:remoteref) refs/heads/master refs/remotes/master [9ms]
2023-10-25 23:07:57.994 [info] > git status -z -uall [35ms]
2023-10-25 23:08:16.602 [info] > git config --get commit.template [9ms]
2023-10-25 23:08:16.608 [info] > git for-each-ref --format=%(refname)%00%(upstream:short)%00%(objectname)%00%(upstream:track)%00%(upstream:remotename)%00%(upstream:remoteref) refs/heads/master refs/remotes/master [7ms]
2023-10-25 23:08:16.656 [info] > git status -z -uall [39ms]
2023-10-25 23:08:35.826 [info] > git config --get commit.template [15ms]
2023-10-25 23:08:35.834 [info] > git for-each-ref --format=%(refname)%00%(upstream:short)%00%(objectname)%00%(upstream:track)%00%(upstream:remotename)%00%(upstream:remoteref) refs/heads/master refs/remotes/master [8ms]
2023-10-25 23:08:35.873 [info] > git status -z -uall [31ms]
2023-10-25 23:08:40.927 [info] > git config --get commit.template [12ms]
2023-10-25 23:08:40.948 [info] > git for-each-ref --format=%(refname)%00%(upstream:short)%00%(objectname)%00%(upstream:track)%00%(upstream:remotename)%00%(upstream:remoteref) refs/heads/master refs/remotes/master [23ms]
2023-10-25 23:08:41.823 [info] > git status -z -uall [864ms]
2023-10-25 23:08:46.853 [info] > git config --get commit.template [8ms]
2023-10-25 23:08:46.857 [info] > git for-each-ref --format=%(refname)%00%(upstream:short)%00%(objectname)%00%(upstream:track)%00%(upstream:remotename)%00%(upstream:remoteref) refs/heads/master refs/remotes/master [5ms]
2023-10-25 23:08:46.914 [info] > git status -z -uall [42ms]
2023-10-25 23:08:51.983 [info] > git config --get commit.template [11ms]
2023-10-25 23:08:51.990 [info] > git for-each-ref --format=%(refname)%00%(upstream:short)%00%(objectname)%00%(upstream:track)%00%(upstream:remotename)%00%(upstream:remoteref) refs/heads/master refs/remotes/master [8ms]
2023-10-25 23:08:52.033 [info] > git status -z -uall [32ms]
2023-10-25 23:08:58.837 [info] > git config --get commit.template [11ms]
2023-10-25 23:08:58.843 [info] > git for-each-ref --format=%(refname)%00%(upstream:short)%00%(objectname)%00%(upstream:track)%00%(upstream:remotename)%00%(upstream:remoteref) refs/heads/master refs/remotes/master [7ms]
2023-10-25 23:08:58.893 [info] > git status -z -uall [40ms]
2023-10-25 23:09:05.512 [info] > git config --get commit.template [10ms]
2023-10-25 23:09:05.517 [info] > git for-each-ref --format=%(refname)%00%(upstream:short)%00%(objectname)%00%(upstream:track)%00%(upstream:remotename)%00%(upstream:remoteref) refs/heads/master refs/remotes/master [5ms]
2023-10-25 23:09:05.574 [info] > git status -z -uall [48ms]
2023-10-25 23:10:00.420 [info] > git ls-files --stage -- /home/ac2842/computer-architecture/lab2/lab2_proc/asm/tmp.py [5ms]
2023-10-25 23:10:00.437 [info] > git show --textconv :lab2/lab2_proc/asm/tmp.py [38ms]
2023-10-25 23:10:00.439 [info] > git cat-file -s cf77293803abffedb81096e0f0dc97e95a6cb1d5 [8ms]
2023-10-25 23:10:07.644 [info] > git show --textconv :lab2/lab2_proc/DropUnit.v [18ms]
2023-10-25 23:10:07.648 [info] > git ls-files --stage -- /home/ac2842/computer-architecture/lab2/lab2_proc/DropUnit.v [4ms]
2023-10-25 23:10:07.670 [info] > git cat-file -s 4626bfef35d27d7e1ff452f81ecc491605c3627b [8ms]
2023-10-25 23:15:36.388 [info] > git config --get commit.template [16ms]
2023-10-25 23:15:36.399 [info] > git for-each-ref --format=%(refname)%00%(upstream:short)%00%(objectname)%00%(upstream:track)%00%(upstream:remotename)%00%(upstream:remoteref) refs/heads/master refs/remotes/master [12ms]
2023-10-25 23:15:37.132 [info] > git status -z -uall [721ms]
2023-10-25 23:15:42.184 [info] > git config --get commit.template [17ms]
2023-10-25 23:15:42.188 [info] > git for-each-ref --format=%(refname)%00%(upstream:short)%00%(objectname)%00%(upstream:track)%00%(upstream:remotename)%00%(upstream:remoteref) refs/heads/master refs/remotes/master [6ms]
2023-10-25 23:15:42.243 [info] > git status -z -uall [43ms]
2023-10-25 23:15:45.242 [info] > git check-ignore -v -z --stdin [10ms]
2023-10-25 23:18:06.372 [info] > git ls-files --stage -- /home/ac2842/computer-architecture/lab2/lab2_proc/verilator.cpp [19ms]
2023-10-25 23:18:06.388 [info] > git show --textconv :lab2/lab2_proc/verilator.cpp [55ms]
2023-10-25 23:18:06.394 [info] > git cat-file -s 2970aeb24968bb709e08c703b50260d9ca728fb3 [11ms]
2023-10-25 23:19:25.279 [info] > git check-ignore -v -z --stdin [49ms]
2023-10-25 23:19:27.274 [info] > git check-ignore -v -z --stdin [6ms]
2023-10-25 23:19:35.054 [info] > git check-ignore -v -z --stdin [4ms]
2023-10-25 23:19:35.474 [info] > git config --get commit.template [19ms]
2023-10-25 23:19:35.491 [info] > git for-each-ref --format=%(refname)%00%(upstream:short)%00%(objectname)%00%(upstream:track)%00%(upstream:remotename)%00%(upstream:remoteref) refs/heads/master refs/remotes/master [20ms]
2023-10-25 23:19:35.886 [info] > git status -z -uall [377ms]
2023-10-25 23:19:42.631 [info] > git check-ignore -v -z --stdin [5ms]
2023-10-25 23:19:43.086 [info] > git for-each-ref --format=%(refname)%00%(upstream:short)%00%(objectname)%00%(upstream:track)%00%(upstream:remotename)%00%(upstream:remoteref) refs/heads/master refs/remotes/master [15ms]
2023-10-25 23:19:43.088 [info] > git config --get commit.template [3ms]
2023-10-25 23:19:43.148 [info] > git status -z -uall [46ms]
2023-10-25 23:19:44.539 [info] > git check-ignore -v -z --stdin [8ms]
2023-10-25 23:19:48.784 [info] > git show --textconv :lab2/lab2_proc/verilator.cpp [11ms]
2023-10-25 23:19:48.787 [info] > git ls-files --stage -- /home/ac2842/computer-architecture/lab2/lab2_proc/verilator.cpp [2ms]
2023-10-25 23:19:48.800 [info] > git cat-file -s 2970aeb24968bb709e08c703b50260d9ca728fb3 [5ms]
2023-10-25 23:20:37.794 [info] > git check-ignore -v -z --stdin [12ms]
2023-10-25 23:20:42.223 [info] > git config --get commit.template [15ms]
2023-10-25 23:20:42.231 [info] > git for-each-ref --format=%(refname)%00%(upstream:short)%00%(objectname)%00%(upstream:track)%00%(upstream:remotename)%00%(upstream:remoteref) refs/heads/master refs/remotes/master [9ms]
2023-10-25 23:20:42.477 [info] > git status -z -uall [233ms]
2023-10-25 23:20:42.972 [info] > git check-ignore -v -z --stdin [7ms]
2023-10-25 23:20:54.052 [info] > git show --textconv :lab2/lab2_proc/Makefile [19ms]
2023-10-25 23:20:54.056 [info] > git ls-files --stage -- /home/ac2842/computer-architecture/lab2/lab2_proc/Makefile [7ms]
2023-10-25 23:20:54.074 [info] > git cat-file -s d0b0e8e0086f68062b2b427755eb137285993ed3 [5ms]
2023-10-25 23:21:39.219 [info] > git show --textconv :lab2/lab2_proc/Makefile [19ms]
2023-10-25 23:21:39.223 [info] > git ls-files --stage -- /home/ac2842/computer-architecture/lab2/lab2_proc/Makefile [5ms]
2023-10-25 23:21:39.241 [info] > git cat-file -s d0b0e8e0086f68062b2b427755eb137285993ed3 [4ms]
2023-10-25 23:28:45.140 [info] > git config --get commit.template [19ms]
2023-10-25 23:28:45.154 [info] > git for-each-ref --format=%(refname)%00%(upstream:short)%00%(objectname)%00%(upstream:track)%00%(upstream:remotename)%00%(upstream:remoteref) refs/heads/master refs/remotes/master [16ms]
2023-10-25 23:28:45.839 [info] > git status -z -uall [666ms]
2023-10-25 23:28:51.281 [info] > git config --get commit.template [17ms]
2023-10-25 23:28:51.289 [info] > git for-each-ref --format=%(refname)%00%(upstream:short)%00%(objectname)%00%(upstream:track)%00%(upstream:remotename)%00%(upstream:remoteref) refs/heads/master refs/remotes/master [9ms]
2023-10-25 23:28:51.357 [info] > git status -z -uall [53ms]
2023-10-25 23:28:56.453 [info] > git config --get commit.template [15ms]
2023-10-25 23:28:56.459 [info] > git for-each-ref --format=%(refname)%00%(upstream:short)%00%(objectname)%00%(upstream:track)%00%(upstream:remotename)%00%(upstream:remoteref) refs/heads/master refs/remotes/master [7ms]
2023-10-25 23:28:56.540 [info] > git status -z -uall [66ms]
2023-10-25 23:29:01.619 [info] > git config --get commit.template [19ms]
2023-10-25 23:29:01.624 [info] > git for-each-ref --format=%(refname)%00%(upstream:short)%00%(objectname)%00%(upstream:track)%00%(upstream:remotename)%00%(upstream:remoteref) refs/heads/master refs/remotes/master [6ms]
2023-10-25 23:29:01.674 [info] > git status -z -uall [36ms]
2023-10-25 23:30:46.837 [info] > git config --get commit.template [23ms]
2023-10-25 23:30:46.848 [info] > git for-each-ref --format=%(refname)%00%(upstream:short)%00%(objectname)%00%(upstream:track)%00%(upstream:remotename)%00%(upstream:remoteref) refs/heads/master refs/remotes/master [12ms]
2023-10-25 23:30:47.085 [info] > git status -z -uall [217ms]
2023-10-25 23:32:48.027 [info] > git config --get commit.template [19ms]
2023-10-25 23:32:48.041 [info] > git for-each-ref --format=%(refname)%00%(upstream:short)%00%(objectname)%00%(upstream:track)%00%(upstream:remotename)%00%(upstream:remoteref) refs/heads/master refs/remotes/master [14ms]
2023-10-25 23:32:48.323 [info] > git status -z -uall [266ms]
2023-10-25 23:32:53.413 [info] > git config --get commit.template [16ms]
2023-10-25 23:32:53.420 [info] > git for-each-ref --format=%(refname)%00%(upstream:short)%00%(objectname)%00%(upstream:track)%00%(upstream:remotename)%00%(upstream:remoteref) refs/heads/master refs/remotes/master [8ms]
2023-10-25 23:32:53.476 [info] > git status -z -uall [39ms]
2023-10-25 23:33:10.148 [info] > git config --get commit.template [24ms]
2023-10-25 23:33:10.155 [info] > git for-each-ref --format=%(refname)%00%(upstream:short)%00%(objectname)%00%(upstream:track)%00%(upstream:remotename)%00%(upstream:remoteref) refs/heads/master refs/remotes/master [9ms]
2023-10-25 23:33:10.362 [info] > git status -z -uall [186ms]
2023-10-25 23:33:28.479 [info] > git config --get commit.template [21ms]
2023-10-25 23:33:28.483 [info] > git for-each-ref --format=%(refname)%00%(upstream:short)%00%(objectname)%00%(upstream:track)%00%(upstream:remotename)%00%(upstream:remoteref) refs/heads/master refs/remotes/master [6ms]
2023-10-25 23:33:28.538 [info] > git status -z -uall [37ms]
2023-10-25 23:33:47.040 [info] > git config --get commit.template [19ms]
2023-10-25 23:33:47.048 [info] > git for-each-ref --format=%(refname)%00%(upstream:short)%00%(objectname)%00%(upstream:track)%00%(upstream:remotename)%00%(upstream:remoteref) refs/heads/master refs/remotes/master [8ms]
2023-10-25 23:33:47.100 [info] > git status -z -uall [37ms]
2023-10-25 23:34:05.570 [info] > git config --get commit.template [25ms]
2023-10-25 23:34:05.580 [info] > git for-each-ref --format=%(refname)%00%(upstream:short)%00%(objectname)%00%(upstream:track)%00%(upstream:remotename)%00%(upstream:remoteref) refs/heads/master refs/remotes/master [11ms]
2023-10-25 23:34:05.891 [info] > git status -z -uall [298ms]
2023-10-25 23:34:10.980 [info] > git config --get commit.template [16ms]
2023-10-25 23:34:10.983 [info] > git for-each-ref --format=%(refname)%00%(upstream:short)%00%(objectname)%00%(upstream:track)%00%(upstream:remotename)%00%(upstream:remoteref) refs/heads/master refs/remotes/master [4ms]
2023-10-25 23:34:11.034 [info] > git status -z -uall [37ms]
2023-10-25 23:34:16.138 [info] > git config --get commit.template [26ms]
2023-10-25 23:34:16.142 [info] > git for-each-ref --format=%(refname)%00%(upstream:short)%00%(objectname)%00%(upstream:track)%00%(upstream:remotename)%00%(upstream:remoteref) refs/heads/master refs/remotes/master [6ms]
2023-10-25 23:34:16.206 [info] > git status -z -uall [48ms]
2023-10-25 23:35:32.935 [info] > git config --get commit.template [22ms]
2023-10-25 23:35:33.013 [info] > git for-each-ref --format=%(refname)%00%(upstream:short)%00%(objectname)%00%(upstream:track)%00%(upstream:remotename)%00%(upstream:remoteref) refs/heads/master refs/remotes/master [79ms]
2023-10-25 23:35:33.438 [info] > git status -z -uall [406ms]
2023-10-25 23:50:39.370 [info] > git config --get commit.template [26ms]
2023-10-25 23:50:39.384 [info] > git for-each-ref --format=%(refname)%00%(upstream:short)%00%(objectname)%00%(upstream:track)%00%(upstream:remotename)%00%(upstream:remoteref) refs/heads/master refs/remotes/master [17ms]
2023-10-25 23:50:39.659 [info] > git status -z -uall [252ms]
2023-10-25 23:50:44.746 [info] > git config --get commit.template [18ms]
2023-10-25 23:50:44.749 [info] > git for-each-ref --format=%(refname)%00%(upstream:short)%00%(objectname)%00%(upstream:track)%00%(upstream:remotename)%00%(upstream:remoteref) refs/heads/master refs/remotes/master [4ms]
2023-10-25 23:50:44.811 [info] > git status -z -uall [46ms]
2023-10-25 23:50:50.414 [info] > git check-ignore -v -z --stdin [6ms]
2023-10-25 23:56:16.329 [info] > git ls-files --stage -- /home/ac2842/computer-architecture/lab2/lab2_proc/utb_ProcBaseDpath.v [3ms]
2023-10-25 23:56:16.349 [info] > git cat-file -s 28d8200201046ad0568993bbde9d2e205846d864 [5ms]
2023-10-25 23:56:16.353 [info] > git show --textconv :lab2/lab2_proc/utb_ProcBaseDpath.v [43ms]
2023-10-25 23:56:18.846 [info] > git show --textconv :lab2/lab1_imul/IntMulAlt.v [25ms]
2023-10-25 23:56:18.852 [info] > git ls-files --stage -- /home/ac2842/computer-architecture/lab2/lab1_imul/IntMulAlt.v [6ms]
2023-10-25 23:56:18.875 [info] > git cat-file -s 69f726975488f4ebe9df6d477b304d58801d196e [1ms]
2023-10-25 23:56:19.375 [info] > git check-ignore -v -z --stdin [6ms]
2023-10-25 23:56:20.589 [info] > git ls-files --stage -- /home/ac2842/computer-architecture/lab2/lab2_proc/ProcBaseDpath.v [3ms]
2023-10-25 23:56:20.605 [info] > git show --textconv :lab2/lab2_proc/ProcBaseDpath.v [39ms]
2023-10-25 23:56:20.608 [info] > git cat-file -s 7a3bbae8e3b71b376d65e004682ae2d9f5607c40 [4ms]
2023-10-25 23:56:25.577 [info] > git show --textconv :lab2/lab2_proc/ProcBaseCtrl.v [20ms]
2023-10-25 23:56:25.582 [info] > git ls-files --stage -- /home/ac2842/computer-architecture/lab2/lab2_proc/ProcBaseCtrl.v [5ms]
2023-10-25 23:56:25.601 [info] > git cat-file -s 1277a520aa2776ba8a71db3707bb255a75f6fe6a [7ms]
2023-10-25 23:56:28.122 [info] > git show --textconv :lab2/lab2_proc/ProcBaseDpath.v [16ms]
2023-10-25 23:56:28.124 [info] > git ls-files --stage -- /home/ac2842/computer-architecture/lab2/lab2_proc/ProcBaseDpath.v [3ms]
2023-10-25 23:56:28.139 [info] > git cat-file -s 7a3bbae8e3b71b376d65e004682ae2d9f5607c40 [3ms]
2023-10-25 23:56:43.421 [info] > git show --textconv :lab2/lab2_proc/verilator.cpp [18ms]
2023-10-25 23:56:43.422 [info] > git ls-files --stage -- /home/ac2842/computer-architecture/lab2/lab2_proc/verilator.cpp [3ms]
2023-10-25 23:56:43.439 [info] > git cat-file -s 2970aeb24968bb709e08c703b50260d9ca728fb3 [4ms]
2023-10-25 23:56:44.111 [info] > git show --textconv :lab2/lab2_proc/ProcBaseDpath.v [16ms]
2023-10-25 23:56:44.114 [info] > git ls-files --stage -- /home/ac2842/computer-architecture/lab2/lab2_proc/ProcBaseDpath.v [4ms]
2023-10-25 23:56:44.128 [info] > git cat-file -s 7a3bbae8e3b71b376d65e004682ae2d9f5607c40 [4ms]
2023-10-25 23:57:28.200 [info] > git show --textconv :lab2/lab2_proc/ProcBaseDpath.v [17ms]
2023-10-25 23:57:28.203 [info] > git ls-files --stage -- /home/ac2842/computer-architecture/lab2/lab2_proc/ProcBaseDpath.v [4ms]
2023-10-25 23:57:28.220 [info] > git cat-file -s 7a3bbae8e3b71b376d65e004682ae2d9f5607c40 [4ms]
2023-10-25 23:58:10.671 [info] > git show --textconv :lab2/lab2_proc/ProcBaseDpath.v [17ms]
2023-10-25 23:58:10.673 [info] > git ls-files --stage -- /home/ac2842/computer-architecture/lab2/lab2_proc/ProcBaseDpath.v [3ms]
2023-10-25 23:58:10.688 [info] > git cat-file -s 7a3bbae8e3b71b376d65e004682ae2d9f5607c40 [4ms]
2023-10-26 00:21:35.681 [info] > git ls-files --stage -- /home/ac2842/computer-architecture/lab2/lab2_proc/ProcBaseCtrl.v [6ms]
2023-10-26 00:21:35.695 [info] > git show --textconv :lab2/lab2_proc/ProcBaseCtrl.v [38ms]
2023-10-26 00:21:35.699 [info] > git cat-file -s 1277a520aa2776ba8a71db3707bb255a75f6fe6a [5ms]
2023-10-26 00:21:36.946 [info] > git show --textconv :lab2/lab2_proc/ProcBaseDpath.v [18ms]
2023-10-26 00:21:36.952 [info] > git ls-files --stage -- /home/ac2842/computer-architecture/lab2/lab2_proc/ProcBaseDpath.v [7ms]
2023-10-26 00:21:36.972 [info] > git cat-file -s 7a3bbae8e3b71b376d65e004682ae2d9f5607c40 [6ms]
