2023-10-26 00:35:20.744 [info] Log level: Info
2023-10-26 00:35:20.744 [info] Validating found git in: "git"
2023-10-26 00:35:20.744 [info] Using git "2.30.1" from "git"
2023-10-26 00:35:20.744 [info] > git rev-parse --show-toplevel [7ms]
2023-10-26 00:35:20.744 [info] > git rev-parse --git-dir --git-common-dir [4ms]
2023-10-26 00:35:20.744 [info] Open repository: /home/ac2842/computer-architecture
2023-10-26 00:35:20.744 [info] > git config --get commit.template [7ms]
2023-10-26 00:35:20.744 [info] > git rev-parse --show-toplevel [10ms]
2023-10-26 00:35:20.744 [info] > git rev-parse --show-toplevel [3ms]
2023-10-26 00:35:20.744 [info] > git rev-parse --show-toplevel [4ms]
2023-10-26 00:35:20.744 [info] > git for-each-ref --format=%(refname)%00%(upstream:short)%00%(objectname)%00%(upstream:track)%00%(upstream:remotename)%00%(upstream:remoteref) refs/heads/master refs/remotes/master [24ms]
2023-10-26 00:35:20.744 [info] > git rev-parse --show-toplevel [8ms]
2023-10-26 00:35:20.744 [info] > git status -z -uall [388ms]
2023-10-26 00:35:20.745 [info] > git config --get commit.template [9ms]
2023-10-26 00:35:20.764 [info] > git for-each-ref --format=%(refname)%00%(upstream:short)%00%(objectname)%00%(upstream:track)%00%(upstream:remotename)%00%(upstream:remoteref) refs/heads/master refs/remotes/master [9ms]
2023-10-26 00:35:20.968 [info] > git status -z -uall [197ms]
2023-10-26 00:35:21.022 [info] > git ls-files --stage -- /home/ac2842/computer-architecture/lab2/lab2_proc/ProcBaseDpath.v [5ms]
2023-10-26 00:35:21.036 [info] > git cat-file -s 7a3bbae8e3b71b376d65e004682ae2d9f5607c40 [8ms]
2023-10-26 00:35:21.041 [info] > git show --textconv :lab2/lab2_proc/ProcBaseDpath.v [33ms]
2023-10-26 00:35:21.306 [info] > git check-ignore -v -z --stdin [52ms]
2023-10-26 00:36:03.174 [info] > git check-ignore -v -z --stdin [7ms]
2023-10-26 00:36:10.196 [info] > git ls-files --stage -- /home/ac2842/computer-architecture/lab2/lab2_proc/asm/jal.asm [3ms]
2023-10-26 00:36:10.222 [info] > git cat-file -s 6376e776803ab68c9ae576296ca325f66bbd8ea5 [20ms]
2023-10-26 00:36:10.226 [info] > git show --textconv :lab2/lab2_proc/asm/jal.asm [44ms]
2023-10-26 00:36:10.718 [info] > git check-ignore -v -z --stdin [3ms]
2023-10-26 00:36:16.265 [info] > git show --textconv :lab2/lab2_proc/ProcBaseDpath.v [12ms]
2023-10-26 00:36:16.269 [info] > git ls-files --stage -- /home/ac2842/computer-architecture/lab2/lab2_proc/ProcBaseDpath.v [6ms]
2023-10-26 00:36:16.281 [info] > git cat-file -s 7a3bbae8e3b71b376d65e004682ae2d9f5607c40 [6ms]
2023-10-26 00:36:17.159 [info] > git ls-files --stage -- /home/ac2842/computer-architecture/lab2/lab2_proc/ProcBaseCtrl.v [5ms]
2023-10-26 00:36:17.169 [info] > git show --textconv :lab2/lab2_proc/ProcBaseCtrl.v [25ms]
2023-10-26 00:36:17.173 [info] > git cat-file -s 1277a520aa2776ba8a71db3707bb255a75f6fe6a [8ms]
2023-10-26 00:37:16.837 [info] > git ls-files --stage -- /home/ac2842/computer-architecture/lab2/lab2_proc/ProcBaseDpath.v [8ms]
2023-10-26 00:37:16.849 [info] > git show --textconv :lab2/lab2_proc/ProcBaseDpath.v [31ms]
2023-10-26 00:37:16.852 [info] > git cat-file -s 7a3bbae8e3b71b376d65e004682ae2d9f5607c40 [5ms]
2023-10-26 00:37:29.662 [info] > git show --textconv :lab2/lab2_proc/ProcBaseDpath.v [13ms]
2023-10-26 00:37:29.666 [info] > git ls-files --stage -- /home/ac2842/computer-architecture/lab2/lab2_proc/ProcBaseDpath.v [5ms]
2023-10-26 00:37:29.680 [info] > git cat-file -s 7a3bbae8e3b71b376d65e004682ae2d9f5607c40 [6ms]
2023-10-26 00:38:19.424 [info] > git ls-files --stage -- /home/ac2842/computer-architecture/lab2/lab2_proc/asm/mul.asm [5ms]
2023-10-26 00:38:19.450 [info] > git cat-file -s f2d4d3fc5dc870b023b12c73eef205008598b9e8 [19ms]
2023-10-26 00:38:19.453 [info] > git show --textconv :lab2/lab2_proc/asm/mul.asm [48ms]
2023-10-26 00:39:54.876 [info] > git config --get commit.template [17ms]
2023-10-26 00:39:54.888 [info] > git for-each-ref --format=%(refname)%00%(upstream:short)%00%(objectname)%00%(upstream:track)%00%(upstream:remotename)%00%(upstream:remoteref) refs/heads/master refs/remotes/master [17ms]
2023-10-26 00:39:55.169 [info] > git status -z -uall [270ms]
2023-10-26 00:40:04.678 [info] > git config --get commit.template [15ms]
2023-10-26 00:40:04.680 [info] > git for-each-ref --format=%(refname)%00%(upstream:short)%00%(objectname)%00%(upstream:track)%00%(upstream:remotename)%00%(upstream:remoteref) refs/heads/master refs/remotes/master [7ms]
2023-10-26 00:40:04.735 [info] > git status -z -uall [45ms]
2023-10-26 00:40:09.819 [info] > git config --get commit.template [12ms]
2023-10-26 00:40:09.824 [info] > git for-each-ref --format=%(refname)%00%(upstream:short)%00%(objectname)%00%(upstream:track)%00%(upstream:remotename)%00%(upstream:remoteref) refs/heads/master refs/remotes/master [7ms]
2023-10-26 00:40:09.908 [info] > git status -z -uall [76ms]
2023-10-26 00:40:14.991 [info] > git config --get commit.template [16ms]
2023-10-26 00:40:14.997 [info] > git for-each-ref --format=%(refname)%00%(upstream:short)%00%(objectname)%00%(upstream:track)%00%(upstream:remotename)%00%(upstream:remoteref) refs/heads/master refs/remotes/master [8ms]
2023-10-26 00:40:15.055 [info] > git status -z -uall [45ms]
2023-10-26 00:40:20.157 [info] > git config --get commit.template [13ms]
2023-10-26 00:40:20.164 [info] > git for-each-ref --format=%(refname)%00%(upstream:short)%00%(objectname)%00%(upstream:track)%00%(upstream:remotename)%00%(upstream:remoteref) refs/heads/master refs/remotes/master [8ms]
2023-10-26 00:40:20.216 [info] > git status -z -uall [45ms]
2023-10-26 00:40:25.285 [info] > git config --get commit.template [15ms]
2023-10-26 00:40:25.288 [info] > git for-each-ref --format=%(refname)%00%(upstream:short)%00%(objectname)%00%(upstream:track)%00%(upstream:remotename)%00%(upstream:remoteref) refs/heads/master refs/remotes/master [5ms]
2023-10-26 00:40:25.336 [info] > git status -z -uall [38ms]
2023-10-26 00:40:30.415 [info] > git config --get commit.template [14ms]
2023-10-26 00:40:30.421 [info] > git for-each-ref --format=%(refname)%00%(upstream:short)%00%(objectname)%00%(upstream:track)%00%(upstream:remotename)%00%(upstream:remoteref) refs/heads/master refs/remotes/master [8ms]
2023-10-26 00:40:30.474 [info] > git status -z -uall [42ms]
2023-10-26 00:40:36.106 [info] > git config --get commit.template [21ms]
2023-10-26 00:40:36.113 [info] > git for-each-ref --format=%(refname)%00%(upstream:short)%00%(objectname)%00%(upstream:track)%00%(upstream:remotename)%00%(upstream:remoteref) refs/heads/master refs/remotes/master [9ms]
2023-10-26 00:40:36.168 [info] > git status -z -uall [38ms]
2023-10-26 00:41:50.604 [info] > git config --get commit.template [13ms]
2023-10-26 00:41:50.614 [info] > git for-each-ref --format=%(refname)%00%(upstream:short)%00%(objectname)%00%(upstream:track)%00%(upstream:remotename)%00%(upstream:remoteref) refs/heads/master refs/remotes/master [13ms]
2023-10-26 00:41:50.893 [info] > git status -z -uall [265ms]
2023-10-26 00:41:55.965 [info] > git config --get commit.template [15ms]
2023-10-26 00:41:55.966 [info] > git for-each-ref --format=%(refname)%00%(upstream:short)%00%(objectname)%00%(upstream:track)%00%(upstream:remotename)%00%(upstream:remoteref) refs/heads/master refs/remotes/master [6ms]
2023-10-26 00:41:56.014 [info] > git status -z -uall [35ms]
2023-10-26 00:47:35.032 [info] > git config --get commit.template [14ms]
2023-10-26 00:47:35.044 [info] > git for-each-ref --format=%(refname)%00%(upstream:short)%00%(objectname)%00%(upstream:track)%00%(upstream:remotename)%00%(upstream:remoteref) refs/heads/master refs/remotes/master [16ms]
2023-10-26 00:47:35.341 [info] > git status -z -uall [283ms]
2023-10-26 00:47:54.642 [info] > git config --get commit.template [12ms]
2023-10-26 00:47:54.649 [info] > git for-each-ref --format=%(refname)%00%(upstream:short)%00%(objectname)%00%(upstream:track)%00%(upstream:remotename)%00%(upstream:remoteref) refs/heads/master refs/remotes/master [8ms]
2023-10-26 00:47:54.699 [info] > git status -z -uall [41ms]
2023-10-26 00:49:41.810 [info] > git config --get commit.template [16ms]
2023-10-26 00:49:41.823 [info] > git for-each-ref --format=%(refname)%00%(upstream:short)%00%(objectname)%00%(upstream:track)%00%(upstream:remotename)%00%(upstream:remoteref) refs/heads/master refs/remotes/master [15ms]
2023-10-26 00:49:42.090 [info] > git status -z -uall [257ms]
2023-10-26 00:56:17.321 [info] > git config --get commit.template [13ms]
2023-10-26 00:56:17.336 [info] > git for-each-ref --format=%(refname)%00%(upstream:short)%00%(objectname)%00%(upstream:track)%00%(upstream:remotename)%00%(upstream:remoteref) refs/heads/master refs/remotes/master [17ms]
2023-10-26 00:56:17.624 [info] > git status -z -uall [278ms]
2023-10-26 00:56:22.729 [info] > git config --get commit.template [11ms]
2023-10-26 00:56:22.734 [info] > git for-each-ref --format=%(refname)%00%(upstream:short)%00%(objectname)%00%(upstream:track)%00%(upstream:remotename)%00%(upstream:remoteref) refs/heads/master refs/remotes/master [6ms]
2023-10-26 00:56:22.778 [info] > git status -z -uall [38ms]
2023-10-26 00:56:23.544 [info] > git ls-files --stage -- /home/ac2842/computer-architecture/lab2/lab2_proc/.ece-4750-setup [4ms]
2023-10-26 00:56:23.555 [info] > git show --textconv :lab2/lab2_proc/.ece-4750-setup [25ms]
2023-10-26 00:56:23.555 [info] > git cat-file -s 547e8b16f8d989f96324d28ead58291ab921f1d4 [5ms]
2023-10-26 00:56:34.614 [info] > git config --get commit.template [15ms]
2023-10-26 00:56:34.622 [info] > git for-each-ref --format=%(refname)%00%(upstream:short)%00%(objectname)%00%(upstream:track)%00%(upstream:remotename)%00%(upstream:remoteref) refs/heads/master refs/remotes/master [9ms]
2023-10-26 00:56:34.672 [info] > git status -z -uall [42ms]
2023-10-26 00:56:39.881 [info] > git config --get commit.template [9ms]
2023-10-26 00:56:39.888 [info] > git for-each-ref --format=%(refname)%00%(upstream:short)%00%(objectname)%00%(upstream:track)%00%(upstream:remotename)%00%(upstream:remoteref) refs/heads/master refs/remotes/master [7ms]
2023-10-26 00:56:39.928 [info] > git status -z -uall [34ms]
2023-10-26 00:56:44.999 [info] > git config --get commit.template [13ms]
2023-10-26 00:56:45.004 [info] > git for-each-ref --format=%(refname)%00%(upstream:short)%00%(objectname)%00%(upstream:track)%00%(upstream:remotename)%00%(upstream:remoteref) refs/heads/master refs/remotes/master [7ms]
2023-10-26 00:56:45.057 [info] > git status -z -uall [42ms]
2023-10-26 00:56:50.132 [info] > git config --get commit.template [17ms]
2023-10-26 00:56:50.135 [info] > git for-each-ref --format=%(refname)%00%(upstream:short)%00%(objectname)%00%(upstream:track)%00%(upstream:remotename)%00%(upstream:remoteref) refs/heads/master refs/remotes/master [6ms]
2023-10-26 00:56:50.192 [info] > git status -z -uall [48ms]
2023-10-26 00:56:55.257 [info] > git config --get commit.template [11ms]
2023-10-26 00:56:55.262 [info] > git for-each-ref --format=%(refname)%00%(upstream:short)%00%(objectname)%00%(upstream:track)%00%(upstream:remotename)%00%(upstream:remoteref) refs/heads/master refs/remotes/master [6ms]
2023-10-26 00:56:55.312 [info] > git status -z -uall [44ms]
2023-10-26 00:57:00.378 [info] > git config --get commit.template [9ms]
2023-10-26 00:57:00.383 [info] > git for-each-ref --format=%(refname)%00%(upstream:short)%00%(objectname)%00%(upstream:track)%00%(upstream:remotename)%00%(upstream:remoteref) refs/heads/master refs/remotes/master [6ms]
2023-10-26 00:57:00.423 [info] > git status -z -uall [31ms]
2023-10-26 00:58:15.161 [info] > git config --get commit.template [13ms]
2023-10-26 00:58:15.179 [info] > git for-each-ref --format=%(refname)%00%(upstream:short)%00%(objectname)%00%(upstream:track)%00%(upstream:remotename)%00%(upstream:remoteref) refs/heads/master refs/remotes/master [19ms]
2023-10-26 00:58:15.466 [info] > git status -z -uall [277ms]
2023-10-26 00:58:33.554 [info] > git config --get commit.template [11ms]
2023-10-26 00:58:33.560 [info] > git for-each-ref --format=%(refname)%00%(upstream:short)%00%(objectname)%00%(upstream:track)%00%(upstream:remotename)%00%(upstream:remoteref) refs/heads/master refs/remotes/master [6ms]
2023-10-26 00:58:33.602 [info] > git status -z -uall [34ms]
2023-10-26 00:58:38.853 [info] > git config --get commit.template [12ms]
2023-10-26 00:58:38.861 [info] > git for-each-ref --format=%(refname)%00%(upstream:short)%00%(objectname)%00%(upstream:track)%00%(upstream:remotename)%00%(upstream:remoteref) refs/heads/master refs/remotes/master [10ms]
2023-10-26 00:58:38.915 [info] > git status -z -uall [43ms]
2023-10-26 00:59:54.113 [info] > git config --get commit.template [17ms]
2023-10-26 00:59:54.124 [info] > git for-each-ref --format=%(refname)%00%(upstream:short)%00%(objectname)%00%(upstream:track)%00%(upstream:remotename)%00%(upstream:remoteref) refs/heads/master refs/remotes/master [13ms]
2023-10-26 00:59:54.403 [info] > git status -z -uall [268ms]
2023-10-26 00:59:59.473 [info] > git config --get commit.template [10ms]
2023-10-26 00:59:59.479 [info] > git for-each-ref --format=%(refname)%00%(upstream:short)%00%(objectname)%00%(upstream:track)%00%(upstream:remotename)%00%(upstream:remoteref) refs/heads/master refs/remotes/master [8ms]
2023-10-26 00:59:59.520 [info] > git status -z -uall [34ms]
2023-10-26 01:01:24.556 [info] > git config --get commit.template [11ms]
2023-10-26 01:01:24.568 [info] > git for-each-ref --format=%(refname)%00%(upstream:short)%00%(objectname)%00%(upstream:track)%00%(upstream:remotename)%00%(upstream:remoteref) refs/heads/master refs/remotes/master [14ms]
2023-10-26 01:01:24.849 [info] > git status -z -uall [273ms]
2023-10-26 01:01:43.048 [info] > git config --get commit.template [12ms]
2023-10-26 01:01:43.053 [info] > git for-each-ref --format=%(refname)%00%(upstream:short)%00%(objectname)%00%(upstream:track)%00%(upstream:remotename)%00%(upstream:remoteref) refs/heads/master refs/remotes/master [6ms]
2023-10-26 01:01:43.097 [info] > git status -z -uall [36ms]
2023-10-26 01:01:48.922 [info] > git config --get commit.template [12ms]
2023-10-26 01:01:48.927 [info] > git for-each-ref --format=%(refname)%00%(upstream:short)%00%(objectname)%00%(upstream:track)%00%(upstream:remotename)%00%(upstream:remoteref) refs/heads/master refs/remotes/master [6ms]
2023-10-26 01:01:48.964 [info] > git status -z -uall [30ms]
2023-10-26 01:01:54.036 [info] > git config --get commit.template [11ms]
2023-10-26 01:01:54.040 [info] > git for-each-ref --format=%(refname)%00%(upstream:short)%00%(objectname)%00%(upstream:track)%00%(upstream:remotename)%00%(upstream:remoteref) refs/heads/master refs/remotes/master [5ms]
2023-10-26 01:01:54.089 [info] > git status -z -uall [40ms]
2023-10-26 01:01:59.154 [info] > git config --get commit.template [11ms]
2023-10-26 01:01:59.157 [info] > git for-each-ref --format=%(refname)%00%(upstream:short)%00%(objectname)%00%(upstream:track)%00%(upstream:remotename)%00%(upstream:remoteref) refs/heads/master refs/remotes/master [5ms]
2023-10-26 01:01:59.217 [info] > git status -z -uall [54ms]
2023-10-26 01:02:03.253 [info] > git show --textconv :lab2/lab2_proc/asm/mul.asm [13ms]
2023-10-26 01:02:03.256 [info] > git ls-files --stage -- /home/ac2842/computer-architecture/lab2/lab2_proc/asm/mul.asm [7ms]
2023-10-26 01:02:03.270 [info] > git cat-file -s f2d4d3fc5dc870b023b12c73eef205008598b9e8 [4ms]
2023-10-26 01:06:09.349 [info] > git config --get commit.template [19ms]
2023-10-26 01:06:09.364 [info] > git for-each-ref --format=%(refname)%00%(upstream:short)%00%(objectname)%00%(upstream:track)%00%(upstream:remotename)%00%(upstream:remoteref) refs/heads/master refs/remotes/master [21ms]
2023-10-26 01:06:09.637 [info] > git status -z -uall [260ms]
2023-10-26 01:12:35.940 [info] > git config --get commit.template [11ms]
2023-10-26 01:12:35.958 [info] > git for-each-ref --format=%(refname)%00%(upstream:short)%00%(objectname)%00%(upstream:track)%00%(upstream:remotename)%00%(upstream:remoteref) refs/heads/master refs/remotes/master [18ms]
2023-10-26 01:12:36.292 [info] > git status -z -uall [320ms]
2023-10-26 01:12:41.371 [info] > git config --get commit.template [11ms]
2023-10-26 01:12:41.376 [info] > git for-each-ref --format=%(refname)%00%(upstream:short)%00%(objectname)%00%(upstream:track)%00%(upstream:remotename)%00%(upstream:remoteref) refs/heads/master refs/remotes/master [6ms]
2023-10-26 01:12:41.430 [info] > git status -z -uall [47ms]
2023-10-26 01:15:15.530 [info] > git ls-files --stage -- /home/ac2842/computer-architecture/lab2/lab2_proc/ProcBaseDpath.v [8ms]
2023-10-26 01:15:15.541 [info] > git show --textconv :lab2/lab2_proc/ProcBaseDpath.v [32ms]
2023-10-26 01:15:15.544 [info] > git cat-file -s 7a3bbae8e3b71b376d65e004682ae2d9f5607c40 [4ms]
2023-10-26 01:15:17.399 [info] > git show --textconv :lab2/lab2_proc/ProcBaseCtrl.v [14ms]
2023-10-26 01:15:17.403 [info] > git ls-files --stage -- /home/ac2842/computer-architecture/lab2/lab2_proc/ProcBaseCtrl.v [7ms]
2023-10-26 01:15:17.418 [info] > git cat-file -s 1277a520aa2776ba8a71db3707bb255a75f6fe6a [5ms]
2023-10-26 01:15:19.770 [info] > git show --textconv :lab2/lab2_proc/ProcBaseDpath.v [10ms]
2023-10-26 01:15:19.774 [info] > git ls-files --stage -- /home/ac2842/computer-architecture/lab2/lab2_proc/ProcBaseDpath.v [6ms]
2023-10-26 01:15:19.785 [info] > git cat-file -s 7a3bbae8e3b71b376d65e004682ae2d9f5607c40 [5ms]
2023-10-26 01:18:03.138 [info] > git ls-files --stage -- /home/ac2842/computer-architecture/lab2/lab2_proc/ProcBaseDpath.v [10ms]
2023-10-26 01:18:03.150 [info] > git show --textconv :lab2/lab2_proc/ProcBaseDpath.v [30ms]
2023-10-26 01:18:03.153 [info] > git cat-file -s 7a3bbae8e3b71b376d65e004682ae2d9f5607c40 [5ms]
2023-10-26 01:18:19.813 [info] > git show --textconv :lab2/lab2_proc/asm/mul.asm [10ms]
2023-10-26 01:18:19.814 [info] > git ls-files --stage -- /home/ac2842/computer-architecture/lab2/lab2_proc/asm/mul.asm [4ms]
2023-10-26 01:18:19.823 [info] > git cat-file -s f2d4d3fc5dc870b023b12c73eef205008598b9e8 [4ms]
2023-10-26 01:18:21.344 [info] > git show --textconv :lab2/lab2_proc/asm/mul.asm [9ms]
2023-10-26 01:18:21.348 [info] > git ls-files --stage -- /home/ac2842/computer-architecture/lab2/lab2_proc/asm/mul.asm [5ms]
2023-10-26 01:18:21.364 [info] > git cat-file -s f2d4d3fc5dc870b023b12c73eef205008598b9e8 [8ms]
2023-10-26 01:21:16.867 [info] > git ls-files --stage -- /home/ac2842/computer-architecture/lab2/lab2_proc/ProcBaseDpath.v [6ms]
2023-10-26 01:21:16.879 [info] > git show --textconv :lab2/lab2_proc/ProcBaseDpath.v [34ms]
2023-10-26 01:21:16.887 [info] > git cat-file -s 7a3bbae8e3b71b376d65e004682ae2d9f5607c40 [8ms]
2023-10-26 01:23:17.541 [info] > git ls-files --stage -- /home/ac2842/computer-architecture/lab2/lab2_proc/ProcBaseDpath.v [7ms]
2023-10-26 01:23:17.550 [info] > git show --textconv :lab2/lab2_proc/ProcBaseDpath.v [26ms]
2023-10-26 01:23:17.553 [info] > git cat-file -s 7a3bbae8e3b71b376d65e004682ae2d9f5607c40 [4ms]
2023-10-26 01:28:37.413 [info] > git ls-files --stage -- /home/ac2842/computer-architecture/lab2/lab2_proc/ProcBaseCtrl.v [6ms]
2023-10-26 01:28:37.426 [info] > git cat-file -s 1277a520aa2776ba8a71db3707bb255a75f6fe6a [3ms]
2023-10-26 01:28:37.428 [info] > git show --textconv :lab2/lab2_proc/ProcBaseCtrl.v [33ms]
2023-10-26 01:37:00.732 [info] > git config --get commit.template [12ms]
2023-10-26 01:37:00.749 [info] > git for-each-ref --format=%(refname)%00%(upstream:short)%00%(objectname)%00%(upstream:track)%00%(upstream:remotename)%00%(upstream:remoteref) refs/heads/master refs/remotes/master [18ms]
2023-10-26 01:37:01.128 [info] > git status -z -uall [368ms]
2023-10-26 01:41:27.885 [info] > git ls-files --stage -- /home/ac2842/computer-architecture/lab2/lab2_proc/ProcBaseDpath.v [10ms]
2023-10-26 01:41:27.896 [info] > git show --textconv :lab2/lab2_proc/ProcBaseDpath.v [31ms]
2023-10-26 01:41:27.900 [info] > git cat-file -s 7a3bbae8e3b71b376d65e004682ae2d9f5607c40 [5ms]
2023-10-26 01:41:28.821 [info] > git show --textconv :lab2/lab2_proc/ProcBaseCtrl.v [12ms]
2023-10-26 01:41:28.823 [info] > git ls-files --stage -- /home/ac2842/computer-architecture/lab2/lab2_proc/ProcBaseCtrl.v [5ms]
2023-10-26 01:41:28.837 [info] > git cat-file -s 1277a520aa2776ba8a71db3707bb255a75f6fe6a [7ms]
2023-10-26 01:41:29.833 [info] > git show --textconv :lab2/lab2_proc/ProcBaseDpath.v [13ms]
2023-10-26 01:41:29.840 [info] > git ls-files --stage -- /home/ac2842/computer-architecture/lab2/lab2_proc/ProcBaseDpath.v [8ms]
2023-10-26 01:41:29.851 [info] > git cat-file -s 7a3bbae8e3b71b376d65e004682ae2d9f5607c40 [4ms]
2023-10-26 01:42:25.706 [info] > git show --textconv :lab2/lab2_proc/ProcBaseDpath.v [12ms]
2023-10-26 01:42:25.713 [info] > git ls-files --stage -- /home/ac2842/computer-architecture/lab2/lab2_proc/ProcBaseDpath.v [8ms]
2023-10-26 01:42:25.730 [info] > git cat-file -s 7a3bbae8e3b71b376d65e004682ae2d9f5607c40 [6ms]
2023-10-26 01:43:54.131 [info] > git config --get commit.template [13ms]
2023-10-26 01:43:54.141 [info] > git for-each-ref --format=%(refname)%00%(upstream:short)%00%(objectname)%00%(upstream:track)%00%(upstream:remotename)%00%(upstream:remoteref) refs/heads/master refs/remotes/master [12ms]
2023-10-26 01:43:54.425 [info] > git status -z -uall [275ms]
2023-10-26 01:44:58.605 [info] > git ls-files --stage -- /home/ac2842/computer-architecture/lab2/lab2_proc/ProcBaseDpath.v [5ms]
2023-10-26 01:44:58.617 [info] > git show --textconv :lab2/lab2_proc/ProcBaseDpath.v [29ms]
2023-10-26 01:44:58.619 [info] > git cat-file -s 7a3bbae8e3b71b376d65e004682ae2d9f5607c40 [3ms]
2023-10-26 01:45:17.956 [info] > git config --get commit.template [13ms]
2023-10-26 01:45:17.965 [info] > git for-each-ref --format=%(refname)%00%(upstream:short)%00%(objectname)%00%(upstream:track)%00%(upstream:remotename)%00%(upstream:remoteref) refs/heads/master refs/remotes/master [11ms]
2023-10-26 01:45:18.261 [info] > git status -z -uall [284ms]
2023-10-26 01:45:54.253 [info] > git config --get commit.template [12ms]
2023-10-26 01:45:54.257 [info] > git for-each-ref --format=%(refname)%00%(upstream:short)%00%(objectname)%00%(upstream:track)%00%(upstream:remotename)%00%(upstream:remoteref) refs/heads/master refs/remotes/master [5ms]
2023-10-26 01:45:54.294 [info] > git status -z -uall [31ms]
2023-10-26 01:45:59.890 [info] > git config --get commit.template [9ms]
2023-10-26 01:45:59.900 [info] > git for-each-ref --format=%(refname)%00%(upstream:short)%00%(objectname)%00%(upstream:track)%00%(upstream:remotename)%00%(upstream:remoteref) refs/heads/master refs/remotes/master [11ms]
2023-10-26 01:45:59.960 [info] > git status -z -uall [45ms]
2023-10-26 01:46:05.029 [info] > git config --get commit.template [9ms]
2023-10-26 01:46:05.034 [info] > git for-each-ref --format=%(refname)%00%(upstream:short)%00%(objectname)%00%(upstream:track)%00%(upstream:remotename)%00%(upstream:remoteref) refs/heads/master refs/remotes/master [6ms]
2023-10-26 01:46:05.080 [info] > git status -z -uall [40ms]
2023-10-26 01:46:10.155 [info] > git config --get commit.template [15ms]
2023-10-26 01:46:10.163 [info] > git for-each-ref --format=%(refname)%00%(upstream:short)%00%(objectname)%00%(upstream:track)%00%(upstream:remotename)%00%(upstream:remoteref) refs/heads/master refs/remotes/master [10ms]
2023-10-26 01:46:10.209 [info] > git status -z -uall [37ms]
2023-10-26 01:46:15.267 [info] > git config --get commit.template [10ms]
2023-10-26 01:46:15.271 [info] > git for-each-ref --format=%(refname)%00%(upstream:short)%00%(objectname)%00%(upstream:track)%00%(upstream:remotename)%00%(upstream:remoteref) refs/heads/master refs/remotes/master [6ms]
2023-10-26 01:46:15.319 [info] > git status -z -uall [39ms]
2023-10-26 01:48:24.900 [info] > git config --get commit.template [15ms]
2023-10-26 01:48:24.916 [info] > git for-each-ref --format=%(refname)%00%(upstream:short)%00%(objectname)%00%(upstream:track)%00%(upstream:remotename)%00%(upstream:remoteref) refs/heads/master refs/remotes/master [18ms]
2023-10-26 01:48:25.216 [info] > git status -z -uall [286ms]
2023-10-26 01:48:30.279 [info] > git config --get commit.template [4ms]
2023-10-26 01:48:30.299 [info] > git for-each-ref --format=%(refname)%00%(upstream:short)%00%(objectname)%00%(upstream:track)%00%(upstream:remotename)%00%(upstream:remoteref) refs/heads/master refs/remotes/master [8ms]
2023-10-26 01:48:30.349 [info] > git status -z -uall [39ms]
2023-10-26 01:48:47.998 [info] > git config --get commit.template [9ms]
2023-10-26 01:48:48.017 [info] > git for-each-ref --format=%(refname)%00%(upstream:short)%00%(objectname)%00%(upstream:track)%00%(upstream:remotename)%00%(upstream:remoteref) refs/heads/master refs/remotes/master [8ms]
2023-10-26 01:48:48.063 [info] > git status -z -uall [35ms]
2023-10-26 01:50:40.006 [info] > git config --get commit.template [15ms]
2023-10-26 01:50:40.019 [info] > git for-each-ref --format=%(refname)%00%(upstream:short)%00%(objectname)%00%(upstream:track)%00%(upstream:remotename)%00%(upstream:remoteref) refs/heads/master refs/remotes/master [15ms]
2023-10-26 01:50:40.329 [info] > git status -z -uall [297ms]
2023-10-26 01:50:45.420 [info] > git config --get commit.template [12ms]
2023-10-26 01:50:45.424 [info] > git for-each-ref --format=%(refname)%00%(upstream:short)%00%(objectname)%00%(upstream:track)%00%(upstream:remotename)%00%(upstream:remoteref) refs/heads/master refs/remotes/master [6ms]
2023-10-26 01:50:45.474 [info] > git status -z -uall [40ms]
2023-10-26 01:50:50.541 [info] > git config --get commit.template [12ms]
2023-10-26 01:50:50.544 [info] > git for-each-ref --format=%(refname)%00%(upstream:short)%00%(objectname)%00%(upstream:track)%00%(upstream:remotename)%00%(upstream:remoteref) refs/heads/master refs/remotes/master [4ms]
2023-10-26 01:50:50.584 [info] > git status -z -uall [32ms]
2023-10-26 01:50:55.652 [info] > git config --get commit.template [17ms]
2023-10-26 01:50:55.658 [info] > git for-each-ref --format=%(refname)%00%(upstream:short)%00%(objectname)%00%(upstream:track)%00%(upstream:remotename)%00%(upstream:remoteref) refs/heads/master refs/remotes/master [8ms]
2023-10-26 01:50:55.716 [info] > git status -z -uall [45ms]
2023-10-26 01:51:00.792 [info] > git config --get commit.template [15ms]
2023-10-26 01:51:00.797 [info] > git for-each-ref --format=%(refname)%00%(upstream:short)%00%(objectname)%00%(upstream:track)%00%(upstream:remotename)%00%(upstream:remoteref) refs/heads/master refs/remotes/master [6ms]
2023-10-26 01:51:00.843 [info] > git status -z -uall [38ms]
2023-10-26 01:51:05.911 [info] > git config --get commit.template [15ms]
2023-10-26 01:51:05.920 [info] > git for-each-ref --format=%(refname)%00%(upstream:short)%00%(objectname)%00%(upstream:track)%00%(upstream:remotename)%00%(upstream:remoteref) refs/heads/master refs/remotes/master [10ms]
2023-10-26 01:51:05.981 [info] > git status -z -uall [48ms]
2023-10-26 01:51:11.044 [info] > git config --get commit.template [12ms]
2023-10-26 01:51:11.052 [info] > git for-each-ref --format=%(refname)%00%(upstream:short)%00%(objectname)%00%(upstream:track)%00%(upstream:remotename)%00%(upstream:remoteref) refs/heads/master refs/remotes/master [8ms]
2023-10-26 01:51:11.097 [info] > git status -z -uall [35ms]
2023-10-26 01:51:16.152 [info] > git config --get commit.template [11ms]
2023-10-26 01:51:16.155 [info] > git for-each-ref --format=%(refname)%00%(upstream:short)%00%(objectname)%00%(upstream:track)%00%(upstream:remotename)%00%(upstream:remoteref) refs/heads/master refs/remotes/master [6ms]
2023-10-26 01:51:16.221 [info] > git status -z -uall [52ms]
2023-10-26 01:55:44.819 [info] > git ls-files --stage -- /home/ac2842/computer-architecture/lab2/lab2_proc/ProcBaseDpath.v [9ms]
2023-10-26 01:55:44.832 [info] > git show --textconv :lab2/lab2_proc/ProcBaseDpath.v [34ms]
2023-10-26 01:55:44.836 [info] > git cat-file -s 7a3bbae8e3b71b376d65e004682ae2d9f5607c40 [5ms]
2023-10-26 01:55:45.659 [info] > git config --get commit.template [15ms]
2023-10-26 01:55:45.676 [info] > git for-each-ref --format=%(refname)%00%(upstream:short)%00%(objectname)%00%(upstream:track)%00%(upstream:remotename)%00%(upstream:remoteref) refs/heads/master refs/remotes/master [19ms]
2023-10-26 01:55:46.128 [info] > git status -z -uall [438ms]
2023-10-26 01:55:56.064 [info] > git config --get commit.template [9ms]
2023-10-26 01:55:56.070 [info] > git for-each-ref --format=%(refname)%00%(upstream:short)%00%(objectname)%00%(upstream:track)%00%(upstream:remotename)%00%(upstream:remoteref) refs/heads/master refs/remotes/master [6ms]
2023-10-26 01:55:56.111 [info] > git status -z -uall [35ms]
2023-10-26 01:56:01.184 [info] > git config --get commit.template [10ms]
2023-10-26 01:56:01.189 [info] > git for-each-ref --format=%(refname)%00%(upstream:short)%00%(objectname)%00%(upstream:track)%00%(upstream:remotename)%00%(upstream:remoteref) refs/heads/master refs/remotes/master [5ms]
2023-10-26 01:56:01.229 [info] > git status -z -uall [32ms]
2023-10-26 01:56:06.290 [info] > git config --get commit.template [10ms]
2023-10-26 01:56:06.297 [info] > git for-each-ref --format=%(refname)%00%(upstream:short)%00%(objectname)%00%(upstream:track)%00%(upstream:remotename)%00%(upstream:remoteref) refs/heads/master refs/remotes/master [9ms]
2023-10-26 01:56:06.353 [info] > git status -z -uall [47ms]
2023-10-26 01:56:11.509 [info] > git config --get commit.template [10ms]
2023-10-26 01:56:11.513 [info] > git for-each-ref --format=%(refname)%00%(upstream:short)%00%(objectname)%00%(upstream:track)%00%(upstream:remotename)%00%(upstream:remoteref) refs/heads/master refs/remotes/master [6ms]
2023-10-26 01:56:11.560 [info] > git status -z -uall [37ms]
2023-10-26 01:56:16.926 [info] > git config --get commit.template [15ms]
2023-10-26 01:56:16.937 [info] > git for-each-ref --format=%(refname)%00%(upstream:short)%00%(objectname)%00%(upstream:track)%00%(upstream:remotename)%00%(upstream:remoteref) refs/heads/master refs/remotes/master [13ms]
2023-10-26 01:56:16.986 [info] > git status -z -uall [39ms]
2023-10-26 01:56:22.057 [info] > git config --get commit.template [11ms]
2023-10-26 01:56:22.062 [info] > git for-each-ref --format=%(refname)%00%(upstream:short)%00%(objectname)%00%(upstream:track)%00%(upstream:remotename)%00%(upstream:remoteref) refs/heads/master refs/remotes/master [6ms]
2023-10-26 01:56:22.109 [info] > git status -z -uall [41ms]
2023-10-26 01:56:27.170 [info] > git config --get commit.template [14ms]
2023-10-26 01:56:27.171 [info] > git for-each-ref --format=%(refname)%00%(upstream:short)%00%(objectname)%00%(upstream:track)%00%(upstream:remotename)%00%(upstream:remoteref) refs/heads/master refs/remotes/master [4ms]
2023-10-26 01:56:27.226 [info] > git status -z -uall [42ms]
2023-10-26 01:56:32.280 [info] > git config --get commit.template [11ms]
2023-10-26 01:56:32.290 [info] > git for-each-ref --format=%(refname)%00%(upstream:short)%00%(objectname)%00%(upstream:track)%00%(upstream:remotename)%00%(upstream:remoteref) refs/heads/master refs/remotes/master [10ms]
2023-10-26 01:56:32.335 [info] > git status -z -uall [35ms]
2023-10-26 01:56:36.992 [info] > git show --textconv :lab2/lab2_proc/ProcBaseDpath.v [15ms]
2023-10-26 01:56:36.996 [info] > git ls-files --stage -- /home/ac2842/computer-architecture/lab2/lab2_proc/ProcBaseDpath.v [6ms]
2023-10-26 01:56:37.018 [info] > git cat-file -s 7a3bbae8e3b71b376d65e004682ae2d9f5607c40 [11ms]
2023-10-26 01:56:37.397 [info] > git config --get commit.template [7ms]
2023-10-26 01:56:37.417 [info] > git for-each-ref --format=%(refname)%00%(upstream:short)%00%(objectname)%00%(upstream:track)%00%(upstream:remotename)%00%(upstream:remoteref) refs/heads/master refs/remotes/master [9ms]
2023-10-26 01:56:37.474 [info] > git status -z -uall [46ms]
2023-10-26 01:56:42.550 [info] > git config --get commit.template [18ms]
2023-10-26 01:56:42.554 [info] > git for-each-ref --format=%(refname)%00%(upstream:short)%00%(objectname)%00%(upstream:track)%00%(upstream:remotename)%00%(upstream:remoteref) refs/heads/master refs/remotes/master [7ms]
2023-10-26 01:56:42.603 [info] > git status -z -uall [37ms]
2023-10-26 01:56:45.638 [info] > git show --textconv :lab2/lab2_proc/asm/mul.asm [17ms]
2023-10-26 01:56:45.641 [info] > git ls-files --stage -- /home/ac2842/computer-architecture/lab2/lab2_proc/asm/mul.asm [5ms]
2023-10-26 01:56:45.653 [info] > git cat-file -s f2d4d3fc5dc870b023b12c73eef205008598b9e8 [4ms]
2023-10-26 01:56:47.661 [info] > git config --get commit.template [10ms]
2023-10-26 01:56:47.670 [info] > git for-each-ref --format=%(refname)%00%(upstream:short)%00%(objectname)%00%(upstream:track)%00%(upstream:remotename)%00%(upstream:remoteref) refs/heads/master refs/remotes/master [10ms]
2023-10-26 01:56:47.935 [info] > git status -z -uall [254ms]
2023-10-26 01:58:34.840 [info] > git ls-files --stage -- /home/ac2842/computer-architecture/lab2/lab2_proc/ProcBaseDpath.v [5ms]
2023-10-26 01:58:34.849 [info] > git show --textconv :lab2/lab2_proc/ProcBaseDpath.v [24ms]
2023-10-26 01:58:34.853 [info] > git cat-file -s 7a3bbae8e3b71b376d65e004682ae2d9f5607c40 [4ms]
2023-10-26 01:58:45.507 [info] > git show --textconv :lab2/lab2_proc/ProcBaseCtrl.v [13ms]
2023-10-26 01:58:45.510 [info] > git ls-files --stage -- /home/ac2842/computer-architecture/lab2/lab2_proc/ProcBaseCtrl.v [5ms]
2023-10-26 01:58:45.521 [info] > git cat-file -s 1277a520aa2776ba8a71db3707bb255a75f6fe6a [4ms]
2023-10-26 01:59:01.417 [info] > git config --get commit.template [12ms]
2023-10-26 01:59:01.430 [info] > git for-each-ref --format=%(refname)%00%(upstream:short)%00%(objectname)%00%(upstream:track)%00%(upstream:remotename)%00%(upstream:remoteref) refs/heads/master refs/remotes/master [14ms]
2023-10-26 01:59:01.693 [info] > git status -z -uall [248ms]
2023-10-26 01:59:19.340 [info] > git config --get commit.template [10ms]
2023-10-26 01:59:19.348 [info] > git for-each-ref --format=%(refname)%00%(upstream:short)%00%(objectname)%00%(upstream:track)%00%(upstream:remotename)%00%(upstream:remoteref) refs/heads/master refs/remotes/master [9ms]
2023-10-26 01:59:19.405 [info] > git status -z -uall [48ms]
2023-10-26 01:59:55.920 [info] > git config --get commit.template [14ms]
2023-10-26 01:59:55.925 [info] > git for-each-ref --format=%(refname)%00%(upstream:short)%00%(objectname)%00%(upstream:track)%00%(upstream:remotename)%00%(upstream:remoteref) refs/heads/master refs/remotes/master [7ms]
2023-10-26 01:59:55.974 [info] > git status -z -uall [42ms]
2023-10-26 02:00:01.060 [info] > git config --get commit.template [12ms]
2023-10-26 02:00:01.068 [info] > git for-each-ref --format=%(refname)%00%(upstream:short)%00%(objectname)%00%(upstream:track)%00%(upstream:remotename)%00%(upstream:remoteref) refs/heads/master refs/remotes/master [9ms]
2023-10-26 02:00:01.130 [info] > git status -z -uall [52ms]
2023-10-26 02:00:07.850 [info] > git config --get commit.template [11ms]
2023-10-26 02:00:07.855 [info] > git for-each-ref --format=%(refname)%00%(upstream:short)%00%(objectname)%00%(upstream:track)%00%(upstream:remotename)%00%(upstream:remoteref) refs/heads/master refs/remotes/master [7ms]
2023-10-26 02:00:08.129 [info] > git status -z -uall [268ms]
2023-10-26 02:00:25.320 [info] > git config --get commit.template [2ms]
2023-10-26 02:00:25.338 [info] > git for-each-ref --format=%(refname)%00%(upstream:short)%00%(objectname)%00%(upstream:track)%00%(upstream:remotename)%00%(upstream:remoteref) refs/heads/master refs/remotes/master [7ms]
2023-10-26 02:00:25.382 [info] > git status -z -uall [34ms]
2023-10-26 02:00:42.608 [info] > git config --get commit.template [11ms]
2023-10-26 02:00:42.615 [info] > git for-each-ref --format=%(refname)%00%(upstream:short)%00%(objectname)%00%(upstream:track)%00%(upstream:remotename)%00%(upstream:remoteref) refs/heads/master refs/remotes/master [9ms]
2023-10-26 02:00:42.667 [info] > git status -z -uall [44ms]
2023-10-26 02:00:57.227 [info] > git show --textconv :lab2/lab2_proc/ProcBaseCtrl.v [17ms]
2023-10-26 02:00:57.228 [info] > git ls-files --stage -- /home/ac2842/computer-architecture/lab2/lab2_proc/ProcBaseCtrl.v [5ms]
2023-10-26 02:00:57.237 [info] > git cat-file -s 1277a520aa2776ba8a71db3707bb255a75f6fe6a [3ms]
2023-10-26 02:01:00.080 [info] > git config --get commit.template [12ms]
2023-10-26 02:01:00.084 [info] > git for-each-ref --format=%(refname)%00%(upstream:short)%00%(objectname)%00%(upstream:track)%00%(upstream:remotename)%00%(upstream:remoteref) refs/heads/master refs/remotes/master [5ms]
2023-10-26 02:01:00.130 [info] > git status -z -uall [39ms]
2023-10-26 02:01:05.204 [info] > git config --get commit.template [9ms]
2023-10-26 02:01:05.212 [info] > git for-each-ref --format=%(refname)%00%(upstream:short)%00%(objectname)%00%(upstream:track)%00%(upstream:remotename)%00%(upstream:remoteref) refs/heads/master refs/remotes/master [9ms]
2023-10-26 02:01:05.265 [info] > git status -z -uall [45ms]
2023-10-26 02:01:08.482 [info] > git show --textconv :lab2/lab2_proc/ProcBaseCtrl.v [14ms]
2023-10-26 02:01:08.488 [info] > git ls-files --stage -- /home/ac2842/computer-architecture/lab2/lab2_proc/ProcBaseCtrl.v [7ms]
2023-10-26 02:01:08.505 [info] > git cat-file -s 1277a520aa2776ba8a71db3707bb255a75f6fe6a [8ms]
2023-10-26 02:01:10.345 [info] > git config --get commit.template [14ms]
2023-10-26 02:01:10.353 [info] > git for-each-ref --format=%(refname)%00%(upstream:short)%00%(objectname)%00%(upstream:track)%00%(upstream:remotename)%00%(upstream:remoteref) refs/heads/master refs/remotes/master [9ms]
2023-10-26 02:01:10.642 [info] > git status -z -uall [277ms]
2023-10-26 02:01:15.705 [info] > git config --get commit.template [15ms]
2023-10-26 02:01:15.714 [info] > git for-each-ref --format=%(refname)%00%(upstream:short)%00%(objectname)%00%(upstream:track)%00%(upstream:remotename)%00%(upstream:remoteref) refs/heads/master refs/remotes/master [11ms]
2023-10-26 02:01:15.774 [info] > git status -z -uall [46ms]
2023-10-26 02:01:21.052 [info] > git config --get commit.template [12ms]
2023-10-26 02:01:21.060 [info] > git for-each-ref --format=%(refname)%00%(upstream:short)%00%(objectname)%00%(upstream:track)%00%(upstream:remotename)%00%(upstream:remoteref) refs/heads/master refs/remotes/master [9ms]
2023-10-26 02:01:21.110 [info] > git status -z -uall [38ms]
2023-10-26 02:01:27.052 [info] > git config --get commit.template [11ms]
2023-10-26 02:01:27.055 [info] > git for-each-ref --format=%(refname)%00%(upstream:short)%00%(objectname)%00%(upstream:track)%00%(upstream:remotename)%00%(upstream:remoteref) refs/heads/master refs/remotes/master [6ms]
2023-10-26 02:01:27.112 [info] > git status -z -uall [43ms]
2023-10-26 02:05:02.674 [info] > git ls-files --stage -- /home/ac2842/computer-architecture/lab2/lab2_proc/asm/mul.asm [6ms]
2023-10-26 02:05:02.686 [info] > git show --textconv :lab2/lab2_proc/asm/mul.asm [32ms]
2023-10-26 02:05:02.689 [info] > git cat-file -s f2d4d3fc5dc870b023b12c73eef205008598b9e8 [4ms]
2023-10-26 02:05:19.848 [info] > git config --get commit.template [15ms]
2023-10-26 02:05:19.855 [info] > git for-each-ref --format=%(refname)%00%(upstream:short)%00%(objectname)%00%(upstream:track)%00%(upstream:remotename)%00%(upstream:remoteref) refs/heads/master refs/remotes/master [10ms]
2023-10-26 02:05:20.137 [info] > git status -z -uall [271ms]
2023-10-26 02:05:27.042 [info] > git show --textconv :lab2/lab2_proc/asm/mul.asm [9ms]
2023-10-26 02:05:27.045 [info] > git ls-files --stage -- /home/ac2842/computer-architecture/lab2/lab2_proc/asm/mul.asm [4ms]
2023-10-26 02:05:27.062 [info] > git cat-file -s f2d4d3fc5dc870b023b12c73eef205008598b9e8 [7ms]
2023-10-26 02:06:45.512 [info] > git config --get commit.template [12ms]
2023-10-26 02:06:45.522 [info] > git for-each-ref --format=%(refname)%00%(upstream:short)%00%(objectname)%00%(upstream:track)%00%(upstream:remotename)%00%(upstream:remoteref) refs/heads/master refs/remotes/master [11ms]
2023-10-26 02:06:45.809 [info] > git status -z -uall [276ms]
2023-10-26 02:06:50.886 [info] > git config --get commit.template [12ms]
2023-10-26 02:06:50.888 [info] > git for-each-ref --format=%(refname)%00%(upstream:short)%00%(objectname)%00%(upstream:track)%00%(upstream:remotename)%00%(upstream:remoteref) refs/heads/master refs/remotes/master [5ms]
2023-10-26 02:06:50.933 [info] > git status -z -uall [36ms]
2023-10-26 02:10:56.758 [info] > git config --get commit.template [15ms]
2023-10-26 02:10:56.772 [info] > git for-each-ref --format=%(refname)%00%(upstream:short)%00%(objectname)%00%(upstream:track)%00%(upstream:remotename)%00%(upstream:remoteref) refs/heads/master refs/remotes/master [15ms]
2023-10-26 02:10:57.078 [info] > git status -z -uall [296ms]
2023-10-26 02:11:04.953 [info] > git config --get commit.template [12ms]
2023-10-26 02:11:04.960 [info] > git for-each-ref --format=%(refname)%00%(upstream:short)%00%(objectname)%00%(upstream:track)%00%(upstream:remotename)%00%(upstream:remoteref) refs/heads/master refs/remotes/master [8ms]
2023-10-26 02:11:04.999 [info] > git status -z -uall [33ms]
2023-10-26 02:11:10.077 [info] > git config --get commit.template [13ms]
2023-10-26 02:11:10.082 [info] > git for-each-ref --format=%(refname)%00%(upstream:short)%00%(objectname)%00%(upstream:track)%00%(upstream:remotename)%00%(upstream:remoteref) refs/heads/master refs/remotes/master [7ms]
2023-10-26 02:11:10.134 [info] > git status -z -uall [43ms]
2023-10-26 02:11:29.344 [info] > git config --get commit.template [11ms]
2023-10-26 02:11:29.351 [info] > git for-each-ref --format=%(refname)%00%(upstream:short)%00%(objectname)%00%(upstream:track)%00%(upstream:remotename)%00%(upstream:remoteref) refs/heads/master refs/remotes/master [9ms]
2023-10-26 02:11:29.407 [info] > git status -z -uall [48ms]
2023-10-26 02:11:36.413 [info] > git show --textconv :lab2/lab2_proc/ProcBaseCtrl.v [13ms]
2023-10-26 02:11:36.420 [info] > git ls-files --stage -- /home/ac2842/computer-architecture/lab2/lab2_proc/ProcBaseCtrl.v [8ms]
2023-10-26 02:11:36.432 [info] > git cat-file -s 1277a520aa2776ba8a71db3707bb255a75f6fe6a [5ms]
2023-10-26 02:14:50.639 [info] > git config --get commit.template [12ms]
2023-10-26 02:14:50.658 [info] > git for-each-ref --format=%(refname)%00%(upstream:short)%00%(objectname)%00%(upstream:track)%00%(upstream:remotename)%00%(upstream:remoteref) refs/heads/master refs/remotes/master [19ms]
2023-10-26 02:14:50.958 [info] > git status -z -uall [287ms]
2023-10-26 02:15:40.138 [info] > git ls-files --stage -- /home/ac2842/computer-architecture/lab2/lab2_proc/tinyrv2_encoding_assembler.py [4ms]
2023-10-26 02:15:40.157 [info] > git show --textconv :lab2/lab2_proc/tinyrv2_encoding_assembler.py [33ms]
2023-10-26 02:15:40.158 [info] > git cat-file -s f2e34811173507e2a899deac91d530844c073e6a [14ms]
