2023-10-26 12:49:42.476 [info] Log level: Info
2023-10-26 12:49:42.476 [info] Validating found git in: "git"
2023-10-26 12:49:42.476 [info] Using git "2.30.1" from "git"
2023-10-26 12:49:42.476 [info] > git rev-parse --show-toplevel [42ms]
2023-10-26 12:49:42.476 [info] > git rev-parse --git-dir --git-common-dir [5ms]
2023-10-26 12:49:42.476 [info] Open repository: /home/ac2842/computer-architecture
2023-10-26 12:49:42.489 [info] > git config --get commit.template [15ms]
2023-10-26 12:49:42.490 [info] > git rev-parse --show-toplevel [23ms]
2023-10-26 12:49:42.511 [info] > git rev-parse --show-toplevel [14ms]
2023-10-26 12:49:42.511 [info] > git for-each-ref --format=%(refname)%00%(upstream:short)%00%(objectname)%00%(upstream:track)%00%(upstream:remotename)%00%(upstream:remoteref) refs/heads/master refs/remotes/master [29ms]
2023-10-26 12:49:42.534 [info] > git rev-parse --show-toplevel [5ms]
2023-10-26 12:49:42.555 [info] > git rev-parse --show-toplevel [7ms]
2023-10-26 12:49:42.582 [info] > git status -z -uall [61ms]
2023-10-26 12:49:42.669 [info] > git config --get commit.template [14ms]
2023-10-26 12:49:42.675 [info] > git for-each-ref --format=%(refname)%00%(upstream:short)%00%(objectname)%00%(upstream:track)%00%(upstream:remotename)%00%(upstream:remoteref) refs/heads/master refs/remotes/master [8ms]
2023-10-26 12:49:42.919 [info] > git status -z -uall [234ms]
2023-10-26 12:49:43.318 [info] > git check-ignore -v -z --stdin [209ms]
2023-10-26 12:49:43.650 [info] > git ls-files --stage -- /home/ac2842/computer-architecture/lab2/lab2_proc/ProcBaseCtrl.v [4ms]
2023-10-26 12:49:43.658 [info] > git show --textconv :lab2/lab2_proc/ProcBaseCtrl.v [19ms]
2023-10-26 12:49:43.670 [info] > git cat-file -s 1277a520aa2776ba8a71db3707bb255a75f6fe6a [13ms]
2023-10-26 12:50:31.728 [info] > git config --get commit.template [12ms]
2023-10-26 12:50:31.745 [info] > git for-each-ref --format=%(refname)%00%(upstream:short)%00%(objectname)%00%(upstream:track)%00%(upstream:remotename)%00%(upstream:remoteref) refs/heads/master refs/remotes/master [19ms]
2023-10-26 12:50:31.982 [info] > git status -z -uall [226ms]
2023-10-26 12:52:20.142 [info] > git config --get commit.template [23ms]
2023-10-26 12:52:20.156 [info] > git for-each-ref --format=%(refname)%00%(upstream:short)%00%(objectname)%00%(upstream:track)%00%(upstream:remotename)%00%(upstream:remoteref) refs/heads/master refs/remotes/master [17ms]
2023-10-26 12:52:20.407 [info] > git status -z -uall [240ms]
2023-10-26 12:52:20.524 [info] > git check-ignore -v -z --stdin [9ms]
2023-10-26 12:52:51.581 [info] > git config --get commit.template [17ms]
2023-10-26 12:52:51.587 [info] > git for-each-ref --format=%(refname)%00%(upstream:short)%00%(objectname)%00%(upstream:track)%00%(upstream:remotename)%00%(upstream:remoteref) refs/heads/master refs/remotes/master [8ms]
2023-10-26 12:52:51.678 [info] > git status -z -uall [78ms]
2023-10-26 12:56:05.376 [info] > git config --get commit.template [13ms]
2023-10-26 12:56:05.391 [info] > git for-each-ref --format=%(refname)%00%(upstream:short)%00%(objectname)%00%(upstream:track)%00%(upstream:remotename)%00%(upstream:remoteref) refs/heads/master refs/remotes/master [17ms]
2023-10-26 12:56:05.632 [info] > git status -z -uall [230ms]
2023-10-26 12:56:26.785 [info] > git check-ignore -v -z --stdin [6ms]
2023-10-26 12:56:29.076 [info] > git check-ignore -v -z --stdin [6ms]
2023-10-26 12:56:29.293 [info] > git config --get commit.template [5ms]
2023-10-26 12:56:29.318 [info] > git for-each-ref --format=%(refname)%00%(upstream:short)%00%(objectname)%00%(upstream:track)%00%(upstream:remotename)%00%(upstream:remoteref) refs/heads/master refs/remotes/master [11ms]
2023-10-26 12:56:29.393 [info] > git status -z -uall [61ms]
2023-10-26 12:56:34.502 [info] > git config --get commit.template [16ms]
2023-10-26 12:56:34.507 [info] > git for-each-ref --format=%(refname)%00%(upstream:short)%00%(objectname)%00%(upstream:track)%00%(upstream:remotename)%00%(upstream:remoteref) refs/heads/master refs/remotes/master [7ms]
2023-10-26 12:56:34.591 [info] > git status -z -uall [75ms]
2023-10-26 12:56:39.669 [info] > git config --get commit.template [14ms]
2023-10-26 12:56:39.671 [info] > git for-each-ref --format=%(refname)%00%(upstream:short)%00%(objectname)%00%(upstream:track)%00%(upstream:remotename)%00%(upstream:remoteref) refs/heads/master refs/remotes/master [6ms]
2023-10-26 12:56:39.727 [info] > git status -z -uall [46ms]
2023-10-26 12:56:44.799 [info] > git config --get commit.template [12ms]
2023-10-26 12:56:44.807 [info] > git for-each-ref --format=%(refname)%00%(upstream:short)%00%(objectname)%00%(upstream:track)%00%(upstream:remotename)%00%(upstream:remoteref) refs/heads/master refs/remotes/master [11ms]
2023-10-26 12:56:44.865 [info] > git status -z -uall [46ms]
2023-10-26 12:56:49.943 [info] > git for-each-ref --format=%(refname)%00%(upstream:short)%00%(objectname)%00%(upstream:track)%00%(upstream:remotename)%00%(upstream:remoteref) refs/heads/master refs/remotes/master [11ms]
2023-10-26 12:56:49.946 [info] > git config --get commit.template [3ms]
2023-10-26 12:56:50.012 [info] > git status -z -uall [54ms]
2023-10-26 12:56:55.087 [info] > git config --get commit.template [14ms]
2023-10-26 12:56:55.096 [info] > git for-each-ref --format=%(refname)%00%(upstream:short)%00%(objectname)%00%(upstream:track)%00%(upstream:remotename)%00%(upstream:remoteref) refs/heads/master refs/remotes/master [10ms]
2023-10-26 12:56:55.160 [info] > git status -z -uall [49ms]
2023-10-26 12:57:00.231 [info] > git for-each-ref --format=%(refname)%00%(upstream:short)%00%(objectname)%00%(upstream:track)%00%(upstream:remotename)%00%(upstream:remoteref) refs/heads/master refs/remotes/master [15ms]
2023-10-26 12:57:00.233 [info] > git config --get commit.template [4ms]
2023-10-26 12:57:00.306 [info] > git status -z -uall [59ms]
2023-10-26 12:57:05.386 [info] > git config --get commit.template [15ms]
2023-10-26 12:57:05.393 [info] > git for-each-ref --format=%(refname)%00%(upstream:short)%00%(objectname)%00%(upstream:track)%00%(upstream:remotename)%00%(upstream:remoteref) refs/heads/master refs/remotes/master [7ms]
2023-10-26 12:57:05.448 [info] > git status -z -uall [45ms]
2023-10-26 13:04:35.498 [info] > git check-ignore -v -z --stdin [16ms]
2023-10-26 13:04:36.601 [info] > git config --get commit.template [14ms]
2023-10-26 13:04:36.614 [info] > git for-each-ref --format=%(refname)%00%(upstream:short)%00%(objectname)%00%(upstream:track)%00%(upstream:remotename)%00%(upstream:remoteref) refs/heads/master refs/remotes/master [16ms]
2023-10-26 13:04:36.835 [info] > git status -z -uall [210ms]
2023-10-26 13:04:41.927 [info] > git config --get commit.template [16ms]
2023-10-26 13:04:41.935 [info] > git for-each-ref --format=%(refname)%00%(upstream:short)%00%(objectname)%00%(upstream:track)%00%(upstream:remotename)%00%(upstream:remoteref) refs/heads/master refs/remotes/master [9ms]
2023-10-26 13:04:42.007 [info] > git status -z -uall [59ms]
2023-10-26 13:04:47.092 [info] > git config --get commit.template [16ms]
2023-10-26 13:04:47.098 [info] > git for-each-ref --format=%(refname)%00%(upstream:short)%00%(objectname)%00%(upstream:track)%00%(upstream:remotename)%00%(upstream:remoteref) refs/heads/master refs/remotes/master [7ms]
2023-10-26 13:04:47.166 [info] > git status -z -uall [56ms]
