2023-10-26 02:21:08.748 [info] Log level: Info
2023-10-26 02:21:08.748 [info] Validating found git in: "git"
2023-10-26 02:21:08.748 [info] Using git "2.30.1" from "git"
2023-10-26 02:21:08.748 [info] > git rev-parse --show-toplevel [14ms]
2023-10-26 02:21:08.748 [info] > git rev-parse --git-dir --git-common-dir [6ms]
2023-10-26 02:21:08.748 [info] Open repository: /home/ac2842/computer-architecture
2023-10-26 02:21:08.748 [info] > git rev-parse --show-toplevel [17ms]
2023-10-26 02:21:08.748 [info] > git config --get commit.template [11ms]
2023-10-26 02:21:08.749 [info] > git for-each-ref --format=%(refname)%00%(upstream:short)%00%(objectname)%00%(upstream:track)%00%(upstream:remotename)%00%(upstream:remoteref) refs/heads/master refs/remotes/master [369ms]
2023-10-26 02:21:08.749 [info] > git rev-parse --show-toplevel [369ms]
2023-10-26 02:21:08.754 [info] > git rev-parse --show-toplevel [8ms]
2023-10-26 02:21:08.809 [info] > git status -z -uall [72ms]
2023-10-26 02:21:08.879 [info] > git config --get commit.template [4ms]
2023-10-26 02:21:09.116 [info] > git for-each-ref --format=%(refname)%00%(upstream:short)%00%(objectname)%00%(upstream:track)%00%(upstream:remotename)%00%(upstream:remoteref) refs/heads/master refs/remotes/master [231ms]
2023-10-26 02:21:09.281 [info] > git status -z -uall [157ms]
2023-10-26 02:21:09.321 [info] > git check-ignore -v -z --stdin [42ms]
2023-10-26 02:21:23.172 [info] > git config --get commit.template [11ms]
2023-10-26 02:21:23.178 [info] > git for-each-ref --format=%(refname)%00%(upstream:short)%00%(objectname)%00%(upstream:track)%00%(upstream:remotename)%00%(upstream:remoteref) refs/heads/master refs/remotes/master [7ms]
2023-10-26 02:21:23.273 [info] > git check-ignore -v -z --stdin [6ms]
2023-10-26 02:21:23.422 [info] > git status -z -uall [236ms]
2023-10-26 02:21:36.586 [info] > git config --get commit.template [15ms]
2023-10-26 02:21:36.588 [info] > git for-each-ref --format=%(refname)%00%(upstream:short)%00%(objectname)%00%(upstream:track)%00%(upstream:remotename)%00%(upstream:remoteref) refs/heads/master refs/remotes/master [5ms]
2023-10-26 02:21:36.828 [info] > git status -z -uall [229ms]
2023-10-26 02:21:42.478 [info] > git config --get commit.template [12ms]
2023-10-26 02:21:42.490 [info] > git for-each-ref --format=%(refname)%00%(upstream:short)%00%(objectname)%00%(upstream:track)%00%(upstream:remotename)%00%(upstream:remoteref) refs/heads/master refs/remotes/master [13ms]
2023-10-26 02:21:42.546 [info] > git status -z -uall [47ms]
2023-10-26 02:24:17.516 [info] > git config --get commit.template [27ms]
2023-10-26 02:24:17.523 [info] > git for-each-ref --format=%(refname)%00%(upstream:short)%00%(objectname)%00%(upstream:track)%00%(upstream:remotename)%00%(upstream:remoteref) refs/heads/master refs/remotes/master [23ms]
2023-10-26 02:24:17.808 [info] > git status -z -uall [272ms]
2023-10-26 02:25:13.502 [info] > git config --get commit.template [16ms]
2023-10-26 02:25:13.503 [info] > git for-each-ref --format=%(refname)%00%(upstream:short)%00%(objectname)%00%(upstream:track)%00%(upstream:remotename)%00%(upstream:remoteref) refs/heads/master refs/remotes/master [5ms]
2023-10-26 02:25:13.757 [info] > git status -z -uall [242ms]
2023-10-26 02:25:18.854 [info] > git config --get commit.template [20ms]
2023-10-26 02:25:18.860 [info] > git for-each-ref --format=%(refname)%00%(upstream:short)%00%(objectname)%00%(upstream:track)%00%(upstream:remotename)%00%(upstream:remoteref) refs/heads/master refs/remotes/master [12ms]
2023-10-26 02:25:18.931 [info] > git status -z -uall [57ms]
2023-10-26 02:30:09.338 [info] > git config --get commit.template [17ms]
2023-10-26 02:30:09.351 [info] > git for-each-ref --format=%(refname)%00%(upstream:short)%00%(objectname)%00%(upstream:track)%00%(upstream:remotename)%00%(upstream:remoteref) refs/heads/master refs/remotes/master [14ms]
2023-10-26 02:30:09.638 [info] > git status -z -uall [275ms]
2023-10-26 02:30:14.723 [info] > git config --get commit.template [13ms]
2023-10-26 02:30:14.732 [info] > git for-each-ref --format=%(refname)%00%(upstream:short)%00%(objectname)%00%(upstream:track)%00%(upstream:remotename)%00%(upstream:remoteref) refs/heads/master refs/remotes/master [10ms]
2023-10-26 02:30:14.783 [info] > git status -z -uall [38ms]
2023-10-26 02:30:46.744 [info] > git config --get commit.template [15ms]
2023-10-26 02:30:46.751 [info] > git for-each-ref --format=%(refname)%00%(upstream:short)%00%(objectname)%00%(upstream:track)%00%(upstream:remotename)%00%(upstream:remoteref) refs/heads/master refs/remotes/master [9ms]
2023-10-26 02:30:46.791 [info] > git status -z -uall [31ms]
2023-10-26 02:31:00.310 [info] > git config --get commit.template [11ms]
2023-10-26 02:31:00.313 [info] > git for-each-ref --format=%(refname)%00%(upstream:short)%00%(objectname)%00%(upstream:track)%00%(upstream:remotename)%00%(upstream:remoteref) refs/heads/master refs/remotes/master [5ms]
2023-10-26 02:31:00.356 [info] > git status -z -uall [37ms]
2023-10-26 02:31:01.740 [info] > git check-ignore -v -z --stdin [7ms]
2023-10-26 02:31:03.320 [info] > git show --textconv :lab2/lab2_proc/hex/accum.hex [16ms]
2023-10-26 02:31:03.323 [info] > git ls-files --stage -- /home/ac2842/computer-architecture/lab2/lab2_proc/hex/accum.hex [3ms]
2023-10-26 02:31:08.063 [info] > git show --textconv :lab2/lab2_proc/hex/accum.hex.in [12ms]
2023-10-26 02:31:08.068 [info] > git ls-files --stage -- /home/ac2842/computer-architecture/lab2/lab2_proc/hex/accum.hex.in [6ms]
2023-10-26 02:31:10.137 [info] > git check-ignore -v -z --stdin [8ms]
2023-10-26 02:31:10.231 [info] > git config --get commit.template [12ms]
2023-10-26 02:31:10.239 [info] > git for-each-ref --format=%(refname)%00%(upstream:short)%00%(objectname)%00%(upstream:track)%00%(upstream:remotename)%00%(upstream:remoteref) refs/heads/master refs/remotes/master [10ms]
2023-10-26 02:31:10.487 [info] > git status -z -uall [235ms]
2023-10-26 02:31:10.870 [info] > git ls-files --stage -- /home/ac2842/computer-architecture/lab2/lab2_proc/asm/accum.asm [9ms]
2023-10-26 02:31:10.947 [info] > git cat-file -s 81550b020aee1a3a71ca49edef01a13a44444a5c [65ms]
2023-10-26 02:31:10.950 [info] > git show --textconv :lab2/lab2_proc/asm/accum.asm [100ms]
2023-10-26 02:31:15.570 [info] > git config --get commit.template [12ms]
2023-10-26 02:31:15.576 [info] > git for-each-ref --format=%(refname)%00%(upstream:short)%00%(objectname)%00%(upstream:track)%00%(upstream:remotename)%00%(upstream:remoteref) refs/heads/master refs/remotes/master [8ms]
2023-10-26 02:31:15.615 [info] > git status -z -uall [31ms]
2023-10-26 02:31:20.686 [info] > git config --get commit.template [15ms]
2023-10-26 02:31:20.691 [info] > git for-each-ref --format=%(refname)%00%(upstream:short)%00%(objectname)%00%(upstream:track)%00%(upstream:remotename)%00%(upstream:remoteref) refs/heads/master refs/remotes/master [7ms]
2023-10-26 02:31:20.735 [info] > git status -z -uall [34ms]
2023-10-26 02:31:25.807 [info] > git config --get commit.template [15ms]
2023-10-26 02:31:25.814 [info] > git for-each-ref --format=%(refname)%00%(upstream:short)%00%(objectname)%00%(upstream:track)%00%(upstream:remotename)%00%(upstream:remoteref) refs/heads/master refs/remotes/master [9ms]
2023-10-26 02:31:25.871 [info] > git status -z -uall [46ms]
2023-10-26 02:31:30.935 [info] > git config --get commit.template [15ms]
2023-10-26 02:31:30.941 [info] > git for-each-ref --format=%(refname)%00%(upstream:short)%00%(objectname)%00%(upstream:track)%00%(upstream:remotename)%00%(upstream:remoteref) refs/heads/master refs/remotes/master [7ms]
2023-10-26 02:31:31.001 [info] > git status -z -uall [48ms]
2023-10-26 02:31:32.887 [info] > git show --textconv :lab2/lab2_proc/asm/accum.asm.tmp [11ms]
2023-10-26 02:31:32.890 [info] > git ls-files --stage -- /home/ac2842/computer-architecture/lab2/lab2_proc/asm/accum.asm.tmp [4ms]
2023-10-26 02:31:33.087 [info] > git check-ignore -v -z --stdin [7ms]
2023-10-26 02:31:36.070 [info] > git config --get commit.template [16ms]
2023-10-26 02:31:36.075 [info] > git for-each-ref --format=%(refname)%00%(upstream:short)%00%(objectname)%00%(upstream:track)%00%(upstream:remotename)%00%(upstream:remoteref) refs/heads/master refs/remotes/master [8ms]
2023-10-26 02:31:36.131 [info] > git status -z -uall [46ms]
2023-10-26 02:31:36.499 [info] > git check-ignore -v -z --stdin [5ms]
2023-10-26 02:31:41.196 [info] > git config --get commit.template [11ms]
2023-10-26 02:31:41.201 [info] > git for-each-ref --format=%(refname)%00%(upstream:short)%00%(objectname)%00%(upstream:track)%00%(upstream:remotename)%00%(upstream:remoteref) refs/heads/master refs/remotes/master [6ms]
2023-10-26 02:31:41.249 [info] > git status -z -uall [40ms]
2023-10-26 02:31:46.314 [info] > git config --get commit.template [13ms]
2023-10-26 02:31:46.320 [info] > git for-each-ref --format=%(refname)%00%(upstream:short)%00%(objectname)%00%(upstream:track)%00%(upstream:remotename)%00%(upstream:remoteref) refs/heads/master refs/remotes/master [8ms]
2023-10-26 02:31:46.369 [info] > git status -z -uall [40ms]
2023-10-26 02:31:57.708 [info] > git config --get commit.template [10ms]
2023-10-26 02:31:57.714 [info] > git for-each-ref --format=%(refname)%00%(upstream:short)%00%(objectname)%00%(upstream:track)%00%(upstream:remotename)%00%(upstream:remoteref) refs/heads/master refs/remotes/master [8ms]
2023-10-26 02:31:57.766 [info] > git status -z -uall [39ms]
2023-10-26 02:32:02.842 [info] > git config --get commit.template [14ms]
2023-10-26 02:32:02.847 [info] > git for-each-ref --format=%(refname)%00%(upstream:short)%00%(objectname)%00%(upstream:track)%00%(upstream:remotename)%00%(upstream:remoteref) refs/heads/master refs/remotes/master [7ms]
2023-10-26 02:32:02.892 [info] > git status -z -uall [37ms]
2023-10-26 02:32:07.975 [info] > git config --get commit.template [15ms]
2023-10-26 02:32:07.977 [info] > git for-each-ref --format=%(refname)%00%(upstream:short)%00%(objectname)%00%(upstream:track)%00%(upstream:remotename)%00%(upstream:remoteref) refs/heads/master refs/remotes/master [6ms]
2023-10-26 02:32:08.033 [info] > git status -z -uall [45ms]
2023-10-26 02:32:11.228 [info] > git check-ignore -v -z --stdin [8ms]
2023-10-26 02:32:11.627 [info] > git ls-files --stage -- /home/ac2842/computer-architecture/lab2/lab2_proc/ProcBaseCtrl.v [7ms]
2023-10-26 02:32:11.637 [info] > git show --textconv :lab2/lab2_proc/ProcBaseCtrl.v [28ms]
2023-10-26 02:32:11.642 [info] > git cat-file -s 1277a520aa2776ba8a71db3707bb255a75f6fe6a [6ms]
2023-10-26 02:32:13.104 [info] > git config --get commit.template [17ms]
2023-10-26 02:32:13.110 [info] > git for-each-ref --format=%(refname)%00%(upstream:short)%00%(objectname)%00%(upstream:track)%00%(upstream:remotename)%00%(upstream:remoteref) refs/heads/master refs/remotes/master [8ms]
2023-10-26 02:32:13.379 [info] > git status -z -uall [256ms]
2023-10-26 02:32:18.476 [info] > git config --get commit.template [17ms]
2023-10-26 02:32:18.483 [info] > git for-each-ref --format=%(refname)%00%(upstream:short)%00%(objectname)%00%(upstream:track)%00%(upstream:remotename)%00%(upstream:remoteref) refs/heads/master refs/remotes/master [9ms]
2023-10-26 02:32:18.549 [info] > git status -z -uall [47ms]
2023-10-26 02:32:23.619 [info] > git config --get commit.template [11ms]
2023-10-26 02:32:23.626 [info] > git for-each-ref --format=%(refname)%00%(upstream:short)%00%(objectname)%00%(upstream:track)%00%(upstream:remotename)%00%(upstream:remoteref) refs/heads/master refs/remotes/master [8ms]
2023-10-26 02:32:23.682 [info] > git status -z -uall [47ms]
2023-10-26 02:32:28.745 [info] > git config --get commit.template [19ms]
2023-10-26 02:32:28.751 [info] > git for-each-ref --format=%(refname)%00%(upstream:short)%00%(objectname)%00%(upstream:track)%00%(upstream:remotename)%00%(upstream:remoteref) refs/heads/master refs/remotes/master [8ms]
2023-10-26 02:32:28.815 [info] > git status -z -uall [54ms]
2023-10-26 02:33:29.607 [info] > git show --textconv :lab2/lab2_proc/ProcBaseCtrl.v [17ms]
2023-10-26 02:33:29.612 [info] > git ls-files --stage -- /home/ac2842/computer-architecture/lab2/lab2_proc/ProcBaseCtrl.v [7ms]
2023-10-26 02:33:29.630 [info] > git cat-file -s 1277a520aa2776ba8a71db3707bb255a75f6fe6a [6ms]
2023-10-26 02:33:43.366 [info] > git show --textconv :lab2/lab2_proc/tinyrv2_encoding_assembler.py [12ms]
2023-10-26 02:33:43.371 [info] > git ls-files --stage -- /home/ac2842/computer-architecture/lab2/lab2_proc/tinyrv2_encoding_assembler.py [6ms]
2023-10-26 02:33:43.383 [info] > git cat-file -s f2e34811173507e2a899deac91d530844c073e6a [6ms]
2023-10-26 02:33:43.926 [info] > git check-ignore -v -z --stdin [11ms]
2023-10-26 02:33:45.304 [info] > git show --textconv :lab2/lab2_proc/asm/accum.asm.tmp [31ms]
2023-10-26 02:33:45.304 [info] > git ls-files --stage -- /home/ac2842/computer-architecture/lab2/lab2_proc/asm/accum.asm.tmp [20ms]
2023-10-26 02:33:46.408 [info] > git show --textconv :lab2/lab2_proc/tinyrv2_encoding_assembler.py [17ms]
2023-10-26 02:33:46.410 [info] > git ls-files --stage -- /home/ac2842/computer-architecture/lab2/lab2_proc/tinyrv2_encoding_assembler.py [3ms]
2023-10-26 02:33:46.432 [info] > git cat-file -s f2e34811173507e2a899deac91d530844c073e6a [7ms]
2023-10-26 02:33:48.634 [info] > git check-ignore -v -z --stdin [7ms]
2023-10-26 02:33:51.089 [info] > git show --textconv :lab2/lab2_proc/ProcBaseCtrl.v [13ms]
2023-10-26 02:33:51.091 [info] > git ls-files --stage -- /home/ac2842/computer-architecture/lab2/lab2_proc/ProcBaseCtrl.v [3ms]
2023-10-26 02:33:51.113 [info] > git cat-file -s 1277a520aa2776ba8a71db3707bb255a75f6fe6a [6ms]
2023-10-26 02:33:54.496 [info] > git show --textconv :lab2/lab2_proc/ProcBaseCtrl.v [19ms]
2023-10-26 02:33:54.501 [info] > git ls-files --stage -- /home/ac2842/computer-architecture/lab2/lab2_proc/ProcBaseCtrl.v [5ms]
2023-10-26 02:33:54.519 [info] > git cat-file -s 1277a520aa2776ba8a71db3707bb255a75f6fe6a [7ms]
2023-10-26 02:34:43.062 [info] > git config --get commit.template [18ms]
2023-10-26 02:34:43.080 [info] > git for-each-ref --format=%(refname)%00%(upstream:short)%00%(objectname)%00%(upstream:track)%00%(upstream:remotename)%00%(upstream:remoteref) refs/heads/master refs/remotes/master [19ms]
2023-10-26 02:34:43.349 [info] > git status -z -uall [249ms]
2023-10-26 02:35:01.133 [info] > git config --get commit.template [12ms]
2023-10-26 02:35:01.137 [info] > git for-each-ref --format=%(refname)%00%(upstream:short)%00%(objectname)%00%(upstream:track)%00%(upstream:remotename)%00%(upstream:remoteref) refs/heads/master refs/remotes/master [6ms]
2023-10-26 02:35:01.202 [info] > git status -z -uall [54ms]
2023-10-26 02:35:06.831 [info] > git config --get commit.template [22ms]
2023-10-26 02:35:06.834 [info] > git for-each-ref --format=%(refname)%00%(upstream:short)%00%(objectname)%00%(upstream:track)%00%(upstream:remotename)%00%(upstream:remoteref) refs/heads/master refs/remotes/master [6ms]
2023-10-26 02:35:06.892 [info] > git status -z -uall [44ms]
2023-10-26 02:35:11.976 [info] > git config --get commit.template [15ms]
2023-10-26 02:35:11.981 [info] > git for-each-ref --format=%(refname)%00%(upstream:short)%00%(objectname)%00%(upstream:track)%00%(upstream:remotename)%00%(upstream:remoteref) refs/heads/master refs/remotes/master [7ms]
2023-10-26 02:35:12.026 [info] > git status -z -uall [37ms]
2023-10-26 02:35:28.792 [info] > git config --get commit.template [18ms]
2023-10-26 02:35:28.798 [info] > git for-each-ref --format=%(refname)%00%(upstream:short)%00%(objectname)%00%(upstream:track)%00%(upstream:remotename)%00%(upstream:remoteref) refs/heads/master refs/remotes/master [7ms]
2023-10-26 02:35:28.851 [info] > git status -z -uall [39ms]
2023-10-26 02:35:46.070 [info] > git config --get commit.template [19ms]
2023-10-26 02:35:46.073 [info] > git for-each-ref --format=%(refname)%00%(upstream:short)%00%(objectname)%00%(upstream:track)%00%(upstream:remotename)%00%(upstream:remoteref) refs/heads/master refs/remotes/master [7ms]
2023-10-26 02:35:46.323 [info] > git status -z -uall [237ms]
