2023-10-26 13:10:27.394 [info] Log level: Info
2023-10-26 13:10:27.394 [info] Validating found git in: "git"
2023-10-26 13:10:27.394 [info] Using git "2.30.1" from "git"
2023-10-26 13:10:27.394 [info] > git rev-parse --show-toplevel [150ms]
2023-10-26 13:10:27.394 [info] > git rev-parse --git-dir --git-common-dir [6ms]
2023-10-26 13:10:27.394 [info] Open repository: /home/ac2842/computer-architecture
2023-10-26 13:10:27.395 [info] > git config --get commit.template [8ms]
2023-10-26 13:10:27.398 [info] > git rev-parse --show-toplevel [7ms]
2023-10-26 13:10:27.417 [info] > git rev-parse --show-toplevel [5ms]
2023-10-26 13:10:27.419 [info] > git for-each-ref --format=%(refname)%00%(upstream:short)%00%(objectname)%00%(upstream:track)%00%(upstream:remotename)%00%(upstream:remoteref) refs/heads/master refs/remotes/master [13ms]
2023-10-26 13:10:27.441 [info] > git rev-parse --show-toplevel [5ms]
2023-10-26 13:10:27.490 [info] > git status -z -uall [64ms]
2023-10-26 13:10:27.583 [info] > git config --get commit.template [13ms]
2023-10-26 13:10:27.588 [info] > git for-each-ref --format=%(refname)%00%(upstream:short)%00%(objectname)%00%(upstream:track)%00%(upstream:remotename)%00%(upstream:remoteref) refs/heads/master refs/remotes/master [9ms]
2023-10-26 13:10:27.859 [info] > git status -z -uall [264ms]
2023-10-26 13:10:28.355 [info] > git check-ignore -v -z --stdin [395ms]
2023-10-26 13:11:04.595 [info] > git config --get commit.template [15ms]
2023-10-26 13:11:04.620 [info] > git for-each-ref --format=%(refname)%00%(upstream:short)%00%(objectname)%00%(upstream:track)%00%(upstream:remotename)%00%(upstream:remoteref) refs/heads/master refs/remotes/master [28ms]
2023-10-26 13:11:04.698 [info] > git check-ignore -v -z --stdin [3ms]
2023-10-26 13:11:09.124 [info] > git status -z -uall [4489ms] (cancelled)
