2023-10-26 12:49:40.168 [info] Extension host with pid 50719 started
2023-10-26 12:49:40.177 [error] Error: EEXIST: file already exists, open '/home/ac2842/.vscode-server/data/User/workspaceStorage/56a11434395a5b329ef6050d8c4fd0b4/vscode.lock'
2023-10-26 12:49:40.191 [info] Lock '/home/ac2842/.vscode-server/data/User/workspaceStorage/56a11434395a5b329ef6050d8c4fd0b4/vscode.lock': Could not acquire lock, checking if the file is stale.
2023-10-26 12:49:40.193 [info] Lock '/home/ac2842/.vscode-server/data/User/workspaceStorage/56a11434395a5b329ef6050d8c4fd0b4/vscode.lock': The pid 1044 appears to be gone.
2023-10-26 12:49:40.193 [info] Lock '/home/ac2842/.vscode-server/data/User/workspaceStorage/56a11434395a5b329ef6050d8c4fd0b4/vscode.lock': Deleting a stale lock.
2023-10-26 12:49:40.201 [info] Lock '/home/ac2842/.vscode-server/data/User/workspaceStorage/56a11434395a5b329ef6050d8c4fd0b4/vscode.lock': Lock acquired.
2023-10-26 12:49:40.503 [info] ExtensionService#_doActivateExtension vscode.emmet, startup: false, activationEvent: 'onLanguage'
2023-10-26 12:49:41.152 [info] ExtensionService#_doActivateExtension vscode.git-base, startup: true, activationEvent: '*', root cause: vscode.git
2023-10-26 12:49:41.844 [info] ExtensionService#_doActivateExtension vscode.git, startup: true, activationEvent: '*'
2023-10-26 12:49:41.845 [info] ExtensionService#_doActivateExtension vscode.github, startup: true, activationEvent: '*'
2023-10-26 12:49:42.633 [warning] [Decorations] CAPPING events from decorations provider vscode.git 1313
2023-10-26 12:49:42.941 [warning] [Decorations] CAPPING events from decorations provider vscode.git 1313
2023-10-26 12:49:42.948 [info] ExtensionService#_doActivateExtension ms-vscode.makefile-tools, startup: true, activationEvent: 'workspaceContains:**/makefile,**/Makefile,**/GNUmakefile'
2023-10-26 12:49:44.002 [info] Eager extensions activated
2023-10-26 12:49:44.002 [info] ExtensionService#_doActivateExtension vscode.debug-auto-launch, startup: false, activationEvent: 'onStartupFinished'
2023-10-26 12:49:44.003 [info] ExtensionService#_doActivateExtension vscode.merge-conflict, startup: false, activationEvent: 'onStartupFinished'
2023-10-26 12:50:32.057 [warning] [Decorations] CAPPING events from decorations provider vscode.git 1352
2023-10-26 12:52:20.495 [warning] [Decorations] CAPPING events from decorations provider vscode.git 1409
2023-10-26 12:52:32.566 [info] ExtensionService#_doActivateExtension vscode.npm, startup: false, activationEvent: 'onTerminalQuickFixRequest:ms-vscode.npm-command'
2023-10-26 12:52:51.740 [warning] [Decorations] CAPPING events from decorations provider vscode.git 1429
2023-10-26 12:56:05.693 [warning] [Decorations] CAPPING events from decorations provider vscode.git 1410
2023-10-26 12:56:29.462 [warning] [Decorations] CAPPING events from decorations provider vscode.git 1518
2023-10-26 12:56:34.632 [warning] [Decorations] CAPPING events from decorations provider vscode.git 1553
2023-10-26 12:56:39.764 [warning] [Decorations] CAPPING events from decorations provider vscode.git 1555
2023-10-26 12:56:44.905 [warning] [Decorations] CAPPING events from decorations provider vscode.git 1559
2023-10-26 12:56:50.048 [warning] [Decorations] CAPPING events from decorations provider vscode.git 1561
2023-10-26 12:56:55.194 [warning] [Decorations] CAPPING events from decorations provider vscode.git 1567
2023-10-26 12:57:00.345 [warning] [Decorations] CAPPING events from decorations provider vscode.git 1569
2023-10-26 12:57:05.483 [warning] [Decorations] CAPPING events from decorations provider vscode.git 1571
2023-10-26 13:04:36.890 [warning] [Decorations] CAPPING events from decorations provider vscode.git 1671
2023-10-26 13:04:42.055 [warning] [Decorations] CAPPING events from decorations provider vscode.git 1673
2023-10-26 13:04:47.209 [warning] [Decorations] CAPPING events from decorations provider vscode.git 1675
2023-10-26 13:10:26.840 [info] Lock '/home/ac2842/.vscode-server/data/User/workspaceStorage/56a11434395a5b329ef6050d8c4fd0b4/vscode.lock': The lock was lost unexpectedly.
