2023-10-26 11:30:22.618 [info] Log level: Info
2023-10-26 11:30:22.618 [info] Validating found git in: "git"
2023-10-26 11:30:22.618 [info] Using git "2.30.1" from "git"
2023-10-26 11:30:22.618 [info] > git rev-parse --show-toplevel [20ms]
2023-10-26 11:30:22.618 [info] > git rev-parse --git-dir --git-common-dir [6ms]
2023-10-26 11:30:22.618 [info] Open repository: /home/ac2842/computer-architecture
2023-10-26 11:30:22.618 [info] > git config --get commit.template [7ms]
2023-10-26 11:30:22.618 [info] > git rev-parse --show-toplevel [9ms]
2023-10-26 11:30:22.618 [info] > git rev-parse --show-toplevel [2ms]
2023-10-26 11:30:22.618 [info] > git for-each-ref --format=%(refname)%00%(upstream:short)%00%(objectname)%00%(upstream:track)%00%(upstream:remotename)%00%(upstream:remoteref) refs/heads/master refs/remotes/master [17ms]
2023-10-26 11:30:22.619 [info] > git rev-parse --show-toplevel [12ms]
2023-10-26 11:30:22.628 [info] > git rev-parse --show-toplevel [4ms]
2023-10-26 11:30:22.672 [info] > git status -z -uall [56ms]
2023-10-26 11:30:22.758 [info] > git config --get commit.template [9ms]
2023-10-26 11:30:22.766 [info] > git for-each-ref --format=%(refname)%00%(upstream:short)%00%(objectname)%00%(upstream:track)%00%(upstream:remotename)%00%(upstream:remoteref) refs/heads/master refs/remotes/master [9ms]
2023-10-26 11:30:23.052 [info] > git status -z -uall [274ms]
2023-10-26 11:30:23.449 [info] > git check-ignore -v -z --stdin [6ms]
2023-10-26 11:30:23.830 [info] > git show --textconv :lab2/lab2_proc/ProcBaseCtrl.v [91ms]
2023-10-26 11:30:23.831 [info] > git ls-files --stage -- /home/ac2842/computer-architecture/lab2/lab2_proc/ProcBaseCtrl.v [81ms]
2023-10-26 11:30:23.851 [info] > git cat-file -s 1277a520aa2776ba8a71db3707bb255a75f6fe6a [7ms]
2023-10-26 11:30:24.030 [info] > git check-ignore -v -z --stdin [19ms]
2023-10-26 11:30:40.141 [info] > git check-ignore -v -z --stdin [6ms]
2023-10-26 11:35:57.521 [info] > git config --get commit.template [14ms]
2023-10-26 11:35:57.535 [info] > git for-each-ref --format=%(refname)%00%(upstream:short)%00%(objectname)%00%(upstream:track)%00%(upstream:remotename)%00%(upstream:remoteref) refs/heads/master refs/remotes/master [16ms]
2023-10-26 11:35:57.830 [info] > git status -z -uall [286ms]
2023-10-26 11:35:57.905 [info] > git check-ignore -v -z --stdin [5ms]
2023-10-26 11:36:23.396 [info] > git config --get commit.template [10ms]
2023-10-26 11:36:23.401 [info] > git for-each-ref --format=%(refname)%00%(upstream:short)%00%(objectname)%00%(upstream:track)%00%(upstream:remotename)%00%(upstream:remoteref) refs/heads/master refs/remotes/master [6ms]
2023-10-26 11:36:23.444 [info] > git status -z -uall [36ms]
2023-10-26 11:36:43.894 [info] > git config --get commit.template [10ms]
2023-10-26 11:36:43.898 [info] > git for-each-ref --format=%(refname)%00%(upstream:short)%00%(objectname)%00%(upstream:track)%00%(upstream:remotename)%00%(upstream:remoteref) refs/heads/master refs/remotes/master [6ms]
2023-10-26 11:36:43.948 [info] > git status -z -uall [43ms]
2023-10-26 11:36:44.432 [info] > git check-ignore -v -z --stdin [3ms]
2023-10-26 11:36:49.039 [info] > git config --get commit.template [11ms]
2023-10-26 11:36:49.042 [info] > git for-each-ref --format=%(refname)%00%(upstream:short)%00%(objectname)%00%(upstream:track)%00%(upstream:remotename)%00%(upstream:remoteref) refs/heads/master refs/remotes/master [5ms]
2023-10-26 11:36:49.099 [info] > git status -z -uall [48ms]
2023-10-26 11:36:54.187 [info] > git config --get commit.template [9ms]
2023-10-26 11:36:54.192 [info] > git for-each-ref --format=%(refname)%00%(upstream:short)%00%(objectname)%00%(upstream:track)%00%(upstream:remotename)%00%(upstream:remoteref) refs/heads/master refs/remotes/master [6ms]
2023-10-26 11:36:54.250 [info] > git status -z -uall [49ms]
2023-10-26 11:37:06.452 [info] > git config --get commit.template [10ms]
2023-10-26 11:37:06.459 [info] > git for-each-ref --format=%(refname)%00%(upstream:short)%00%(objectname)%00%(upstream:track)%00%(upstream:remotename)%00%(upstream:remoteref) refs/heads/master refs/remotes/master [8ms]
2023-10-26 11:37:06.704 [info] > git status -z -uall [238ms]
2023-10-26 11:37:25.371 [info] > git config --get commit.template [11ms]
2023-10-26 11:37:25.375 [info] > git for-each-ref --format=%(refname)%00%(upstream:short)%00%(objectname)%00%(upstream:track)%00%(upstream:remotename)%00%(upstream:remoteref) refs/heads/master refs/remotes/master [6ms]
2023-10-26 11:37:25.437 [info] > git status -z -uall [54ms]
