2023-10-25 22:14:59.903 [info] Log level: Info
2023-10-25 22:14:59.903 [info] Validating found git in: "git"
2023-10-25 22:14:59.903 [info] Using git "2.30.1" from "git"
2023-10-25 22:14:59.903 [info] > git rev-parse --show-toplevel [15ms]
2023-10-25 22:15:00.277 [info] > git rev-parse --git-dir --git-common-dir [376ms]
2023-10-25 22:15:00.292 [info] Open repository: /home/ac2842/computer-architecture
2023-10-25 22:15:00.332 [info] > git rev-parse --show-toplevel [26ms]
2023-10-25 22:15:00.357 [info] > git config --get commit.template [26ms]
2023-10-25 22:15:00.390 [info] > git rev-parse --show-toplevel [38ms]
2023-10-25 22:15:00.406 [info] > git rev-parse --show-toplevel [5ms]
2023-10-25 22:15:00.414 [info] > git for-each-ref --format=%(refname)%00%(upstream:short)%00%(objectname)%00%(upstream:track)%00%(upstream:remotename)%00%(upstream:remoteref) refs/heads/master refs/remotes/master [70ms]
2023-10-25 22:15:00.424 [info] > git rev-parse --show-toplevel [11ms]
2023-10-25 22:15:00.632 [info] > git status -z -uall [210ms]
2023-10-25 22:15:00.661 [info] > git config --get commit.template [5ms]
2023-10-25 22:15:00.719 [info] > git for-each-ref --format=%(refname)%00%(upstream:short)%00%(objectname)%00%(upstream:track)%00%(upstream:remotename)%00%(upstream:remoteref) refs/heads/master refs/remotes/master [47ms]
2023-10-25 22:15:00.794 [info] > git status -z -uall [66ms]
2023-10-25 22:15:00.903 [info] > git show --textconv :lab2/lab2_proc/utb_ProcBaseDpath.v [21ms]
2023-10-25 22:15:00.903 [info] > git ls-files --stage -- /home/ac2842/computer-architecture/lab2/lab2_proc/utb_ProcBaseDpath.v [13ms]
2023-10-25 22:15:00.950 [info] > git check-ignore -v -z --stdin [49ms]
2023-10-25 22:15:00.952 [info] > git cat-file -s 28d8200201046ad0568993bbde9d2e205846d864 [42ms]
2023-10-25 22:15:36.331 [info] > git config --get commit.template [13ms]
2023-10-25 22:15:36.348 [info] > git for-each-ref --format=%(refname)%00%(upstream:short)%00%(objectname)%00%(upstream:track)%00%(upstream:remotename)%00%(upstream:remoteref) refs/heads/master refs/remotes/master [19ms]
2023-10-25 22:15:36.432 [info] > git status -z -uall [73ms]
2023-10-25 22:17:10.819 [info] > git config --get commit.template [15ms]
2023-10-25 22:17:10.834 [info] > git for-each-ref --format=%(refname)%00%(upstream:short)%00%(objectname)%00%(upstream:track)%00%(upstream:remotename)%00%(upstream:remoteref) refs/heads/master refs/remotes/master [15ms]
2023-10-25 22:17:11.204 [info] > git status -z -uall [362ms]
2023-10-25 22:17:16.936 [info] > git config --get commit.template [11ms]
2023-10-25 22:17:16.947 [info] > git for-each-ref --format=%(refname)%00%(upstream:short)%00%(objectname)%00%(upstream:track)%00%(upstream:remotename)%00%(upstream:remoteref) refs/heads/master refs/remotes/master [11ms]
2023-10-25 22:17:17.006 [info] > git status -z -uall [50ms]
2023-10-25 22:17:22.039 [info] > git config --get commit.template [12ms]
2023-10-25 22:17:22.047 [info] > git for-each-ref --format=%(refname)%00%(upstream:short)%00%(objectname)%00%(upstream:track)%00%(upstream:remotename)%00%(upstream:remoteref) refs/heads/master refs/remotes/master [10ms]
2023-10-25 22:17:22.089 [info] > git status -z -uall [34ms]
2023-10-25 22:17:28.777 [info] > git config --get commit.template [4ms]
2023-10-25 22:17:28.799 [info] > git for-each-ref --format=%(refname)%00%(upstream:short)%00%(objectname)%00%(upstream:track)%00%(upstream:remotename)%00%(upstream:remoteref) refs/heads/master refs/remotes/master [9ms]
2023-10-25 22:17:28.846 [info] > git status -z -uall [36ms]
2023-10-25 22:17:33.869 [info] > git config --get commit.template [6ms]
2023-10-25 22:17:33.888 [info] > git for-each-ref --format=%(refname)%00%(upstream:short)%00%(objectname)%00%(upstream:track)%00%(upstream:remotename)%00%(upstream:remoteref) refs/heads/master refs/remotes/master [9ms]
2023-10-25 22:17:33.942 [info] > git status -z -uall [43ms]
2023-10-25 22:17:38.985 [info] > git config --get commit.template [15ms]
2023-10-25 22:17:38.991 [info] > git for-each-ref --format=%(refname)%00%(upstream:short)%00%(objectname)%00%(upstream:track)%00%(upstream:remotename)%00%(upstream:remoteref) refs/heads/master refs/remotes/master [8ms]
2023-10-25 22:17:39.043 [info] > git status -z -uall [40ms]
2023-10-25 22:17:44.083 [info] > git config --get commit.template [13ms]
2023-10-25 22:17:44.088 [info] > git for-each-ref --format=%(refname)%00%(upstream:short)%00%(objectname)%00%(upstream:track)%00%(upstream:remotename)%00%(upstream:remoteref) refs/heads/master refs/remotes/master [8ms]
2023-10-25 22:17:44.140 [info] > git status -z -uall [40ms]
2023-10-25 22:17:49.176 [info] > git config --get commit.template [8ms]
2023-10-25 22:17:49.187 [info] > git for-each-ref --format=%(refname)%00%(upstream:short)%00%(objectname)%00%(upstream:track)%00%(upstream:remotename)%00%(upstream:remoteref) refs/heads/master refs/remotes/master [12ms]
2023-10-25 22:17:49.366 [info] > git status -z -uall [172ms]
2023-10-25 22:17:54.403 [info] > git config --get commit.template [14ms]
2023-10-25 22:17:54.407 [info] > git for-each-ref --format=%(refname)%00%(upstream:short)%00%(objectname)%00%(upstream:track)%00%(upstream:remotename)%00%(upstream:remoteref) refs/heads/master refs/remotes/master [6ms]
2023-10-25 22:17:54.454 [info] > git status -z -uall [36ms]
2023-10-25 22:17:59.486 [info] > git config --get commit.template [12ms]
2023-10-25 22:17:59.507 [info] > git for-each-ref --format=%(refname)%00%(upstream:short)%00%(objectname)%00%(upstream:track)%00%(upstream:remotename)%00%(upstream:remoteref) refs/heads/master refs/remotes/master [23ms]
2023-10-25 22:17:59.653 [info] > git status -z -uall [133ms]
2023-10-25 22:18:04.681 [info] > git config --get commit.template [3ms]
2023-10-25 22:18:04.695 [info] > git for-each-ref --format=%(refname)%00%(upstream:short)%00%(objectname)%00%(upstream:track)%00%(upstream:remotename)%00%(upstream:remoteref) refs/heads/master refs/remotes/master [7ms]
2023-10-25 22:18:04.750 [info] > git status -z -uall [46ms]
2023-10-25 22:18:09.784 [info] > git config --get commit.template [14ms]
2023-10-25 22:18:09.790 [info] > git for-each-ref --format=%(refname)%00%(upstream:short)%00%(objectname)%00%(upstream:track)%00%(upstream:remotename)%00%(upstream:remoteref) refs/heads/master refs/remotes/master [8ms]
2023-10-25 22:18:09.837 [info] > git status -z -uall [38ms]
2023-10-25 22:18:14.872 [info] > git config --get commit.template [11ms]
2023-10-25 22:18:14.883 [info] > git for-each-ref --format=%(refname)%00%(upstream:short)%00%(objectname)%00%(upstream:track)%00%(upstream:remotename)%00%(upstream:remoteref) refs/heads/master refs/remotes/master [12ms]
2023-10-25 22:18:15.972 [info] > git status -z -uall [1078ms]
2023-10-25 22:18:44.719 [info] > git config --get commit.template [12ms]
2023-10-25 22:18:44.724 [info] > git for-each-ref --format=%(refname)%00%(upstream:short)%00%(objectname)%00%(upstream:track)%00%(upstream:remotename)%00%(upstream:remoteref) refs/heads/master refs/remotes/master [9ms]
2023-10-25 22:18:44.950 [info] > git status -z -uall [214ms]
2023-10-25 22:18:49.985 [info] > git config --get commit.template [15ms]
2023-10-25 22:18:49.987 [info] > git for-each-ref --format=%(refname)%00%(upstream:short)%00%(objectname)%00%(upstream:track)%00%(upstream:remotename)%00%(upstream:remoteref) refs/heads/master refs/remotes/master [5ms]
2023-10-25 22:18:50.028 [info] > git status -z -uall [31ms]
2023-10-25 22:18:55.060 [info] > git config --get commit.template [9ms]
2023-10-25 22:18:55.065 [info] > git for-each-ref --format=%(refname)%00%(upstream:short)%00%(objectname)%00%(upstream:track)%00%(upstream:remotename)%00%(upstream:remoteref) refs/heads/master refs/remotes/master [6ms]
2023-10-25 22:18:55.124 [info] > git status -z -uall [51ms]
2023-10-25 22:18:55.319 [info] > git check-ignore -v -z --stdin [8ms]
2023-10-25 22:19:00.143 [info] > git config --get commit.template [5ms]
2023-10-25 22:19:00.162 [info] > git for-each-ref --format=%(refname)%00%(upstream:short)%00%(objectname)%00%(upstream:track)%00%(upstream:remotename)%00%(upstream:remoteref) refs/heads/master refs/remotes/master [8ms]
2023-10-25 22:19:00.410 [info] > git status -z -uall [238ms]
2023-10-25 22:19:28.180 [info] > git config --get commit.template [13ms]
2023-10-25 22:19:28.202 [info] > git for-each-ref --format=%(refname)%00%(upstream:short)%00%(objectname)%00%(upstream:track)%00%(upstream:remotename)%00%(upstream:remoteref) refs/heads/master refs/remotes/master [23ms]
2023-10-25 22:19:29.076 [info] > git status -z -uall [859ms]
