2023-10-26 11:30:20.386 [info] Extension host with pid 21804 started
2023-10-26 11:30:20.400 [info] Lock '/home/ac2842/.vscode-server/data/User/workspaceStorage/56a11434395a5b329ef6050d8c4fd0b4/vscode.lock': Lock acquired.
2023-10-26 11:30:21.090 [info] ExtensionService#_doActivateExtension vscode.emmet, startup: false, activationEvent: 'onLanguage'
2023-10-26 11:30:21.895 [info] ExtensionService#_doActivateExtension vscode.git-base, startup: true, activationEvent: '*', root cause: vscode.git
2023-10-26 11:30:22.078 [info] ExtensionService#_doActivateExtension vscode.git, startup: true, activationEvent: '*'
2023-10-26 11:30:22.079 [info] ExtensionService#_doActivateExtension vscode.github, startup: true, activationEvent: '*'
2023-10-26 11:30:22.727 [warning] [Decorations] CAPPING events from decorations provider vscode.git 1711
2023-10-26 11:30:23.084 [warning] [Decorations] CAPPING events from decorations provider vscode.git 1711
2023-10-26 11:30:23.098 [info] ExtensionService#_doActivateExtension ms-vscode.makefile-tools, startup: true, activationEvent: 'workspaceContains:**/makefile,**/Makefile,**/GNUmakefile'
2023-10-26 11:30:24.162 [info] Eager extensions activated
2023-10-26 11:30:24.163 [info] ExtensionService#_doActivateExtension vscode.debug-auto-launch, startup: false, activationEvent: 'onStartupFinished'
2023-10-26 11:30:24.163 [info] ExtensionService#_doActivateExtension vscode.merge-conflict, startup: false, activationEvent: 'onStartupFinished'
2023-10-26 11:35:57.887 [warning] [Decorations] CAPPING events from decorations provider vscode.git 1712
2023-10-26 11:36:23.487 [warning] [Decorations] CAPPING events from decorations provider vscode.git 1045
2023-10-26 11:36:44.003 [warning] [Decorations] CAPPING events from decorations provider vscode.git 1045
2023-10-26 11:36:49.161 [warning] [Decorations] CAPPING events from decorations provider vscode.git 1216
2023-10-26 11:36:54.289 [warning] [Decorations] CAPPING events from decorations provider vscode.git 1309
2023-10-26 11:37:06.740 [warning] [Decorations] CAPPING events from decorations provider vscode.git 1312
2023-10-26 11:37:25.499 [warning] [Decorations] CAPPING events from decorations provider vscode.git 1313
2023-10-26 12:44:50.318 [info] Lock '/home/ac2842/.vscode-server/data/User/workspaceStorage/56a11434395a5b329ef6050d8c4fd0b4/vscode.lock': The lock was lost unexpectedly.
