2023-10-26 12:44:50.975 [info] Log level: Info
2023-10-26 12:44:50.975 [info] Validating found git in: "git"
2023-10-26 12:44:50.975 [info] Using git "2.30.1" from "git"
2023-10-26 12:44:50.975 [info] > git rev-parse --show-toplevel [28ms]
2023-10-26 12:44:50.975 [info] > git rev-parse --git-dir --git-common-dir [4ms]
2023-10-26 12:44:50.975 [info] Open repository: /home/ac2842/computer-architecture
2023-10-26 12:44:50.975 [info] > git rev-parse --show-toplevel [24ms]
2023-10-26 12:44:50.975 [info] > git config --get commit.template [16ms]
2023-10-26 12:44:50.975 [info] > git rev-parse --show-toplevel [6ms]
2023-10-26 12:44:50.975 [info] > git rev-parse --show-toplevel [4ms]
2023-10-26 12:44:50.975 [info] > git rev-parse --show-toplevel [3ms]
2023-10-26 12:44:50.991 [info] > git for-each-ref --format=%(refname)%00%(upstream:short)%00%(objectname)%00%(upstream:track)%00%(upstream:remotename)%00%(upstream:remoteref) refs/heads/master refs/remotes/master [93ms]
2023-10-26 12:44:51.406 [info] > git status -z -uall [405ms]
2023-10-26 12:44:51.518 [info] > git config --get commit.template [19ms]
2023-10-26 12:44:51.529 [info] > git check-ignore -v -z --stdin [21ms]
2023-10-26 12:44:51.737 [info] > git for-each-ref --format=%(refname)%00%(upstream:short)%00%(objectname)%00%(upstream:track)%00%(upstream:remotename)%00%(upstream:remoteref) refs/heads/master refs/remotes/master [210ms]
2023-10-26 12:44:51.789 [info] > git status -z -uall [39ms]
2023-10-26 12:44:52.125 [info] > git show --textconv :lab2/lab2_proc/ProcBaseCtrl.v [265ms]
2023-10-26 12:44:52.125 [info] > git ls-files --stage -- /home/ac2842/computer-architecture/lab2/lab2_proc/ProcBaseCtrl.v [253ms]
2023-10-26 12:44:52.151 [info] > git cat-file -s 1277a520aa2776ba8a71db3707bb255a75f6fe6a [12ms]
2023-10-26 12:44:52.364 [info] > git check-ignore -v -z --stdin [45ms]
